<?xml version="1.0" encoding="UTF-8"?>
<testsuite xmlns:xsi="http://www.w3.org/2001/XMLSchema-instance" xsi:noNamespaceSchemaLocation="https://maven.apache.org/surefire/maven-surefire-plugin/xsd/surefire-test-report.xsd" version="3.0.2" name="mad.chat_data.persist.PersistApplicationTests" time="4.5" tests="1" errors="0" skipped="0" failures="0">
  <properties>
[...]
</properties>
  <testcase name="contextLoads" classname="mad.chat_data.persist.PersistApplicationTests" time="0.841">
    <system-out><![CDATA[17:55:27.722 [main] INFO org.springframework.test.context.support.AnnotationConfigContextLoaderUtils -- Could not detect default configuration classes for test class [mad.chat_data.persist.PersistApplicationTests]: PersistApplicationTests does not declare any static, non-private, non-final, nested classes annotated with @Configuration.
17:55:27.830 [main] INFO org.springframework.boot.test.context.SpringBootTestContextBootstrapper -- Found @SpringBootConfiguration mad.chat_data.persist.PersistApplication for test class mad.chat_data.persist.PersistApplicationTests
17:55:27.968 [main] INFO org.springframework.boot.devtools.restart.RestartApplicationListener -- Restart disabled due to context in which it is running

  .   ____          _            __ _ _
 /\\ / ___'_ __ _ _(_)_ __  __ _ \ \ \ \
( ( )\___ | '_ | '_| | '_ \/ _` | \ \ \ \
 \\/  ___)| |_)| | | | | || (_| |  ) ) ) )
  '  |____| .__|_| |_|_| |_\__, | / / / /
 =========|_|==============|___/=/_/_/_/

 :: Spring Boot ::                (v3.4.3)

2025-05-16T17:55:28.334+02:00  INFO 77967 --- [persist] [           main] m.c.persist.PersistApplicationTests      : Starting PersistApplicationTests using Java 23.0.1 with PID 77967 (started by mad in /home/mad/Deploiement/persist)
2025-05-16T17:55:28.335+02:00 DEBUG 77967 --- [persist] [           main] m.c.persist.PersistApplicationTests      : Running with Spring Boot v3.4.3, Spring v6.2.3
2025-05-16T17:55:28.336+02:00  INFO 77967 --- [persist] [           main] m.c.persist.PersistApplicationTests      : No active profile set, falling back to 1 default profile: "default"
2025-05-16T17:55:28.337+02:00 DEBUG 77967 --- [persist] [           main] o.s.boot.SpringApplication               : Loading source class mad.chat_data.persist.PersistApplication
2025-05-16T17:55:28.361+02:00 DEBUG 77967 --- [persist] [           main] o.s.w.c.s.GenericWebApplicationContext   : Refreshing org.springframework.web.context.support.GenericWebApplicationContext@30457e14
2025-05-16T17:55:28.376+02:00 DEBUG 77967 --- [persist] [           main] o.s.b.f.s.DefaultListableBeanFactory     : Creating shared instance of singleton bean 'org.springframework.context.annotation.internalConfigurationAnnotationProcessor'
2025-05-16T17:55:28.394+02:00 DEBUG 77967 --- [persist] [           main] o.s.b.f.s.DefaultListableBeanFactory     : Creating shared instance of singleton bean 'org.springframework.boot.autoconfigure.internalCachingMetadataReaderFactory'
2025-05-16T17:55:28.434+02:00 DEBUG 77967 --- [persist] [           main] o.s.c.a.ClassPathBeanDefinitionScanner   : Identified candidate component class: file [/home/mad/Deploiement/persist/target/classes/mad/chat_data/persist/ChatWebSocketHandler.class]
2025-05-16T17:55:28.456+02:00 DEBUG 77967 --- [persist] [           main] o.s.c.a.ClassPathBeanDefinitionScanner   : Identified candidate component class: file [/home/mad/Deploiement/persist/target/classes/mad/chat_data/persist/api/ChatController.class]
2025-05-16T17:55:28.457+02:00 DEBUG 77967 --- [persist] [           main] o.s.c.a.ClassPathBeanDefinitionScanner   : Identified candidate component class: file [/home/mad/Deploiement/persist/target/classes/mad/chat_data/persist/api/UserSynchronizeController.class]
2025-05-16T17:55:28.459+02:00 DEBUG 77967 --- [persist] [           main] o.s.c.a.ClassPathBeanDefinitionScanner   : Identified candidate component class: file [/home/mad/Deploiement/persist/target/classes/mad/chat_data/persist/config/WebConfig.class]
2025-05-16T17:55:28.461+02:00 DEBUG 77967 --- [persist] [           main] o.s.c.a.ClassPathBeanDefinitionScanner   : Identified candidate component class: file [/home/mad/Deploiement/persist/target/classes/mad/chat_data/persist/config/WebSocketConfig.class]
2025-05-16T17:55:28.471+02:00 DEBUG 77967 --- [persist] [           main] o.s.c.a.ClassPathBeanDefinitionScanner   : Ignored because not a concrete top-level class: file [/home/mad/Deploiement/persist/target/classes/mad/chat_data/persist/domain/repositories/MessageRepository.class]
2025-05-16T17:55:28.495+02:00 DEBUG 77967 --- [persist] [           main] o.s.c.a.ClassPathBeanDefinitionScanner   : Identified candidate component class: file [/home/mad/Deploiement/persist/target/classes/mad/chat_data/persist/domain/services/ChatService.class]
2025-05-16T17:55:28.496+02:00 DEBUG 77967 --- [persist] [           main] o.s.c.a.ClassPathBeanDefinitionScanner   : Identified candidate component class: file [/home/mad/Deploiement/persist/target/classes/mad/chat_data/persist/domain/services/RedisCacheService.class]
2025-05-16T17:55:28.496+02:00 DEBUG 77967 --- [persist] [           main] o.s.c.a.ClassPathBeanDefinitionScanner   : Identified candidate component class: file [/home/mad/Deploiement/persist/target/classes/mad/chat_data/persist/tools/JwtTokenValidator.class]
2025-05-16T17:55:29.051+02:00  INFO 77967 --- [persist] [           main] .s.d.r.c.RepositoryConfigurationDelegate : Multiple Spring Data modules found, entering strict repository configuration mode
2025-05-16T17:55:29.052+02:00  INFO 77967 --- [persist] [           main] .s.d.r.c.RepositoryConfigurationDelegate : Bootstrapping Spring Data MongoDB repositories in DEFAULT mode.
2025-05-16T17:55:29.059+02:00 DEBUG 77967 --- [persist] [           main] o.s.b.f.s.DefaultListableBeanFactory     : Creating shared instance of singleton bean 'org.springframework.boot.autoconfigure.AutoConfigurationPackages'
2025-05-16T17:55:29.067+02:00 DEBUG 77967 --- [persist] [           main] o.s.b.a.AutoConfigurationPackages        : @EnableAutoConfiguration was declared on a class in the package 'mad.chat_data.persist'. Automatic @Repository and @Entity scanning is enabled.
2025-05-16T17:55:29.068+02:00 DEBUG 77967 --- [persist] [           main] .s.d.r.c.RepositoryConfigurationDelegate : Scanning for MongoDB repositories in packages mad.chat_data.persist.
2025-05-16T17:55:29.077+02:00 DEBUG 77967 --- [persist] [           main] o.s.d.r.c.RepositoryComponentProvider    : Identified candidate component class: file [/home/mad/Deploiement/persist/target/classes/mad/chat_data/persist/domain/repositories/ConversationRepository.class]
2025-05-16T17:55:29.078+02:00 DEBUG 77967 --- [persist] [           main] o.s.d.r.c.RepositoryComponentProvider    : Identified candidate component class: file [/home/mad/Deploiement/persist/target/classes/mad/chat_data/persist/domain/repositories/MessageRepository.class]
2025-05-16T17:55:29.078+02:00 DEBUG 77967 --- [persist] [           main] o.s.d.r.c.RepositoryComponentProvider    : Identified candidate component class: file [/home/mad/Deploiement/persist/target/classes/mad/chat_data/persist/domain/repositories/UserRepository.class]
2025-05-16T17:55:29.197+02:00  INFO 77967 --- [persist] [           main] .s.d.r.c.RepositoryConfigurationDelegate : Finished Spring Data repository scanning in 127 ms. Found 3 MongoDB repository interfaces.
2025-05-16T17:55:29.217+02:00  INFO 77967 --- [persist] [           main] .s.d.r.c.RepositoryConfigurationDelegate : Multiple Spring Data modules found, entering strict repository configuration mode
2025-05-16T17:55:29.218+02:00  INFO 77967 --- [persist] [           main] .s.d.r.c.RepositoryConfigurationDelegate : Bootstrapping Spring Data Redis repositories in DEFAULT mode.
2025-05-16T17:55:29.227+02:00 DEBUG 77967 --- [persist] [           main] .s.d.r.c.RepositoryConfigurationDelegate : Scanning for Redis repositories in packages mad.chat_data.persist.
2025-05-16T17:55:29.230+02:00 DEBUG 77967 --- [persist] [           main] o.s.d.r.c.RepositoryComponentProvider    : Identified candidate component class: file [/home/mad/Deploiement/persist/target/classes/mad/chat_data/persist/domain/repositories/ConversationRepository.class]
2025-05-16T17:55:29.230+02:00 DEBUG 77967 --- [persist] [           main] o.s.d.r.c.RepositoryComponentProvider    : Identified candidate component class: file [/home/mad/Deploiement/persist/target/classes/mad/chat_data/persist/domain/repositories/MessageRepository.class]
2025-05-16T17:55:29.230+02:00 DEBUG 77967 --- [persist] [           main] o.s.d.r.c.RepositoryComponentProvider    : Identified candidate component class: file [/home/mad/Deploiement/persist/target/classes/mad/chat_data/persist/domain/repositories/UserRepository.class]
2025-05-16T17:55:29.234+02:00  INFO 77967 --- [persist] [           main] .RepositoryConfigurationExtensionSupport : Spring Data Redis - Could not safely identify store assignment for repository candidate interface mad.chat_data.persist.domain.repositories.ConversationRepository; If you want this repository to be a Redis repository, consider annotating your entities with one of these annotations: org.springframework.data.redis.core.RedisHash (preferred), or consider extending one of the following types with your repository: org.springframework.data.keyvalue.repository.KeyValueRepository
2025-05-16T17:55:29.235+02:00  INFO 77967 --- [persist] [           main] .RepositoryConfigurationExtensionSupport : Spring Data Redis - Could not safely identify store assignment for repository candidate interface mad.chat_data.persist.domain.repositories.MessageRepository; If you want this repository to be a Redis repository, consider annotating your entities with one of these annotations: org.springframework.data.redis.core.RedisHash (preferred), or consider extending one of the following types with your repository: org.springframework.data.keyvalue.repository.KeyValueRepository
2025-05-16T17:55:29.235+02:00  INFO 77967 --- [persist] [           main] .RepositoryConfigurationExtensionSupport : Spring Data Redis - Could not safely identify store assignment for repository candidate interface mad.chat_data.persist.domain.repositories.UserRepository; If you want this repository to be a Redis repository, consider annotating your entities with one of these annotations: org.springframework.data.redis.core.RedisHash (preferred), or consider extending one of the following types with your repository: org.springframework.data.keyvalue.repository.KeyValueRepository
2025-05-16T17:55:29.236+02:00  INFO 77967 --- [persist] [           main] .s.d.r.c.RepositoryConfigurationDelegate : Finished Spring Data repository scanning in 8 ms. Found 0 Redis repository interfaces.
2025-05-16T17:55:29.370+02:00 DEBUG 77967 --- [persist] [           main] o.s.b.f.s.DefaultListableBeanFactory     : Creating shared instance of singleton bean 'propertySourcesPlaceholderConfigurer'
2025-05-16T17:55:29.378+02:00 DEBUG 77967 --- [persist] [           main] o.s.b.f.s.DefaultListableBeanFactory     : Creating shared instance of singleton bean 'org.springframework.boot.test.mock.mockito.MockitoPostProcessor'
2025-05-16T17:55:29.379+02:00 DEBUG 77967 --- [persist] [           main] o.s.b.f.s.DefaultListableBeanFactory     : Creating shared instance of singleton bean 'org.springframework.boot.sql.init.dependency.DatabaseInitializationDependencyConfigurer$DependsOnDatabaseInitializationPostProcessor'
2025-05-16T17:55:29.427+02:00 DEBUG 77967 --- [persist] [           main] o.s.b.f.s.DefaultListableBeanFactory     : Creating shared instance of singleton bean 'org.springframework.context.event.internalEventListenerProcessor'
2025-05-16T17:55:29.429+02:00 DEBUG 77967 --- [persist] [           main] o.s.b.f.s.DefaultListableBeanFactory     : Creating shared instance of singleton bean 'preserveErrorControllerTargetClassPostProcessor'
2025-05-16T17:55:29.429+02:00 DEBUG 77967 --- [persist] [           main] o.s.b.f.s.DefaultListableBeanFactory     : Creating shared instance of singleton bean 'forceAutoProxyCreatorToUseClassProxying'
2025-05-16T17:55:29.431+02:00 DEBUG 77967 --- [persist] [           main] o.s.b.f.s.DefaultListableBeanFactory     : Creating shared instance of singleton bean 'org.springframework.context.event.internalEventListenerFactory'
2025-05-16T17:55:29.439+02:00 DEBUG 77967 --- [persist] [           main] o.s.b.f.s.DefaultListableBeanFactory     : Creating shared instance of singleton bean 'org.springframework.boot.test.mock.mockito.MockitoPostProcessor$SpyPostProcessor'
2025-05-16T17:55:29.440+02:00 DEBUG 77967 --- [persist] [           main] o.s.b.f.s.DefaultListableBeanFactory     : Creating shared instance of singleton bean 'org.springframework.context.annotation.internalAutowiredAnnotationProcessor'
2025-05-16T17:55:29.442+02:00 DEBUG 77967 --- [persist] [           main] o.s.b.f.s.DefaultListableBeanFactory     : Creating shared instance of singleton bean 'org.springframework.context.annotation.internalCommonAnnotationProcessor'
2025-05-16T17:55:29.446+02:00 DEBUG 77967 --- [persist] [           main] o.s.b.f.s.DefaultListableBeanFactory     : Creating shared instance of singleton bean 'org.springframework.boot.context.properties.ConfigurationPropertiesBindingPostProcessor'
2025-05-16T17:55:29.447+02:00 DEBUG 77967 --- [persist] [           main] o.s.b.f.s.DefaultListableBeanFactory     : Creating shared instance of singleton bean 'org.springframework.boot.context.internalConfigurationPropertiesBinder'
2025-05-16T17:55:29.450+02:00 DEBUG 77967 --- [persist] [           main] o.s.b.f.s.DefaultListableBeanFactory     : Creating shared instance of singleton bean 'persistenceExceptionTranslationPostProcessor'
2025-05-16T17:55:29.453+02:00 DEBUG 77967 --- [persist] [           main] o.s.b.f.s.DefaultListableBeanFactory     : Autowiring by type from bean name 'persistenceExceptionTranslationPostProcessor' via factory method to bean named 'environment'
2025-05-16T17:55:29.461+02:00 DEBUG 77967 --- [persist] [           main] o.s.b.f.s.DefaultListableBeanFactory     : Creating shared instance of singleton bean 'org.springframework.aop.config.internalAutoProxyCreator'
2025-05-16T17:55:29.471+02:00 DEBUG 77967 --- [persist] [           main] o.s.b.f.s.DefaultListableBeanFactory     : Creating shared instance of singleton bean 'webServerFactoryCustomizerBeanPostProcessor'
2025-05-16T17:55:29.473+02:00 DEBUG 77967 --- [persist] [           main] o.s.b.f.s.DefaultListableBeanFactory     : Creating shared instance of singleton bean 'errorPageRegistrarBeanPostProcessor'
2025-05-16T17:55:29.473+02:00 DEBUG 77967 --- [persist] [           main] o.s.b.f.s.DefaultListableBeanFactory     : Creating shared instance of singleton bean 'projectingArgumentResolverBeanPostProcessor'
2025-05-16T17:55:29.489+02:00 DEBUG 77967 --- [persist] [           main] o.s.u.c.s.UiApplicationContextUtils      : Unable to locate ThemeSource with name 'themeSource': using default [org.springframework.ui.context.support.ResourceBundleThemeSource@2b916808]
2025-05-16T17:55:29.491+02:00 DEBUG 77967 --- [persist] [           main] o.s.b.f.s.DefaultListableBeanFactory     : Creating shared instance of singleton bean 'org.springframework.test.context.support.internalDynamicPropertyRegistrarBeanInitializer'
2025-05-16T17:55:29.503+02:00 DEBUG 77967 --- [persist] [           main] o.s.b.f.s.DefaultListableBeanFactory     : Creating shared instance of singleton bean 'persistApplication'
2025-05-16T17:55:29.506+02:00 DEBUG 77967 --- [persist] [           main] o.s.b.f.s.DefaultListableBeanFactory     : Creating shared instance of singleton bean 'chatWebSocketHandler'
2025-05-16T17:55:29.508+02:00 DEBUG 77967 --- [persist] [           main] o.s.b.f.s.DefaultListableBeanFactory     : Creating shared instance of singleton bean 'userRepository'
2025-05-16T17:55:29.512+02:00 DEBUG 77967 --- [persist] [           main] o.s.b.f.s.DefaultListableBeanFactory     : Creating shared instance of singleton bean 'mongo.named-queries#0'
2025-05-16T17:55:29.518+02:00 DEBUG 77967 --- [persist] [           main] o.s.b.f.s.DefaultListableBeanFactory     : Creating shared instance of singleton bean 'mongodb.UserRepository.fragments#0'
2025-05-16T17:55:29.521+02:00 DEBUG 77967 --- [persist] [           main] o.s.b.f.s.DefaultListableBeanFactory     : Creating shared instance of singleton bean 'mongoTemplate'
2025-05-16T17:55:29.521+02:00 DEBUG 77967 --- [persist] [           main] o.s.b.f.s.DefaultListableBeanFactory     : Creating shared instance of singleton bean 'org.springframework.boot.autoconfigure.data.mongo.MongoDatabaseFactoryDependentConfiguration'
2025-05-16T17:55:29.523+02:00 DEBUG 77967 --- [persist] [           main] o.s.b.f.s.DefaultListableBeanFactory     : Creating shared instance of singleton bean 'mongoDatabaseFactory'
2025-05-16T17:55:29.523+02:00 DEBUG 77967 --- [persist] [           main] o.s.b.f.s.DefaultListableBeanFactory     : Creating shared instance of singleton bean 'org.springframework.boot.autoconfigure.data.mongo.MongoDatabaseFactoryConfiguration'
2025-05-16T17:55:29.525+02:00 DEBUG 77967 --- [persist] [           main] o.s.b.f.s.DefaultListableBeanFactory     : Creating shared instance of singleton bean 'mongo'
2025-05-16T17:55:29.525+02:00 DEBUG 77967 --- [persist] [           main] o.s.b.f.s.DefaultListableBeanFactory     : Creating shared instance of singleton bean 'org.springframework.boot.autoconfigure.mongo.MongoAutoConfiguration'
2025-05-16T17:55:29.526+02:00 DEBUG 77967 --- [persist] [           main] o.s.b.f.s.DefaultListableBeanFactory     : Creating shared instance of singleton bean 'mongoClientSettings'
2025-05-16T17:55:29.526+02:00 DEBUG 77967 --- [persist] [           main] o.s.b.f.s.DefaultListableBeanFactory     : Creating shared instance of singleton bean 'org.springframework.boot.autoconfigure.mongo.MongoAutoConfiguration$MongoClientSettingsConfiguration'
2025-05-16T17:55:29.559+02:00 DEBUG 77967 --- [persist] [           main] o.s.b.f.s.DefaultListableBeanFactory     : Autowiring by type from bean name 'mongo' via factory method to bean named 'mongoClientSettings'
2025-05-16T17:55:29.560+02:00 DEBUG 77967 --- [persist] [           main] o.s.b.f.s.DefaultListableBeanFactory     : Creating shared instance of singleton bean 'standardMongoSettingsCustomizer'
2025-05-16T17:55:29.561+02:00 DEBUG 77967 --- [persist] [           main] o.s.b.f.s.DefaultListableBeanFactory     : Creating shared instance of singleton bean 'spring.data.mongodb-org.springframework.boot.autoconfigure.mongo.MongoProperties'
2025-05-16T17:55:29.563+02:00 DEBUG 77967 --- [persist] [           main] o.s.b.f.s.DefaultListableBeanFactory     : Creating shared instance of singleton bean 'org.springframework.boot.context.properties.BoundConfigurationProperties'
2025-05-16T17:55:29.578+02:00 DEBUG 77967 --- [persist] [           main] o.s.b.f.s.DefaultListableBeanFactory     : Creating shared instance of singleton bean 'mongoConnectionDetails'
2025-05-16T17:55:29.579+02:00 DEBUG 77967 --- [persist] [           main] o.s.b.f.s.DefaultListableBeanFactory     : Autowiring by type from bean name 'mongoConnectionDetails' via factory method to bean named 'spring.data.mongodb-org.springframework.boot.autoconfigure.mongo.MongoProperties'
2025-05-16T17:55:29.582+02:00 DEBUG 77967 --- [persist] [           main] o.s.b.f.s.DefaultListableBeanFactory     : Autowiring by type from bean name 'standardMongoSettingsCustomizer' via factory method to bean named 'spring.data.mongodb-org.springframework.boot.autoconfigure.mongo.MongoProperties'
2025-05-16T17:55:29.582+02:00 DEBUG 77967 --- [persist] [           main] o.s.b.f.s.DefaultListableBeanFactory     : Autowiring by type from bean name 'standardMongoSettingsCustomizer' via factory method to bean named 'mongoConnectionDetails'
2025-05-16T17:55:29.589+02:00 DEBUG 77967 --- [persist] [           main] o.s.b.f.s.DefaultListableBeanFactory     : Creating shared instance of singleton bean 'sslBundleRegistry'
2025-05-16T17:55:29.590+02:00 DEBUG 77967 --- [persist] [           main] o.s.b.f.s.DefaultListableBeanFactory     : Creating shared instance of singleton bean 'org.springframework.boot.autoconfigure.ssl.SslAutoConfiguration'
2025-05-16T17:55:29.591+02:00 DEBUG 77967 --- [persist] [           main] o.s.b.f.s.DefaultListableBeanFactory     : Creating shared instance of singleton bean 'spring.ssl-org.springframework.boot.autoconfigure.ssl.SslProperties'
2025-05-16T17:55:29.594+02:00 DEBUG 77967 --- [persist] [           main] o.s.b.f.s.DefaultListableBeanFactory     : Autowiring by type from bean name 'org.springframework.boot.autoconfigure.ssl.SslAutoConfiguration' via constructor to bean named 'org.springframework.web.context.support.GenericWebApplicationContext@30457e14'
2025-05-16T17:55:29.594+02:00 DEBUG 77967 --- [persist] [           main] o.s.b.f.s.DefaultListableBeanFactory     : Autowiring by type from bean name 'org.springframework.boot.autoconfigure.ssl.SslAutoConfiguration' via constructor to bean named 'spring.ssl-org.springframework.boot.autoconfigure.ssl.SslProperties'
2025-05-16T17:55:29.598+02:00 DEBUG 77967 --- [persist] [           main] o.s.b.f.s.DefaultListableBeanFactory     : Creating shared instance of singleton bean 'sslPropertiesSslBundleRegistrar'
2025-05-16T17:55:29.598+02:00 DEBUG 77967 --- [persist] [           main] o.s.b.f.s.DefaultListableBeanFactory     : Creating shared instance of singleton bean 'fileWatcher'
2025-05-16T17:55:29.600+02:00 DEBUG 77967 --- [persist] [           main] o.s.b.f.s.DefaultListableBeanFactory     : Autowiring by type from bean name 'sslPropertiesSslBundleRegistrar' via factory method to bean named 'fileWatcher'
2025-05-16T17:55:29.655+02:00 DEBUG 77967 --- [persist] [           main] org.mongodb.driver.connection            : Connection pool created for localhost:27017 using options maxIdleTimeMS=0, minPoolSize=0, maxPoolSize=100, maxConnecting=2, waitQueueTimeoutMS=120000
2025-05-16T17:55:29.662+02:00 DEBUG 77967 --- [persist] [           main] org.mongodb.driver.cluster               : Updating cluster description to  {type=UNKNOWN, servers=[{address=localhost:27017, type=UNKNOWN, state=CONNECTING}]
2025-05-16T17:55:29.678+02:00  INFO 77967 --- [persist] [           main] org.mongodb.driver.client                : MongoClient with metadata {"driver": {"name": "mongo-java-driver|sync|spring-boot", "version": "5.2.1"}, "os": {"type": "Linux", "name": "Linux", "architecture": "amd64", "version": "6.1.0-34-amd64"}, "platform": "Java/Oracle Corporation/23.0.1+11-39"} created with settings MongoClientSettings{readPreference=primary, writeConcern=WriteConcern{w=null, wTimeout=null ms, journal=null}, retryWrites=true, retryReads=true, readConcern=ReadConcern{level=null}, credential=MongoCredential{mechanism=null, userName='user', source='chat-BDD', password=<hidden>, mechanismProperties=<hidden>}, transportSettings=null, commandListeners=[], codecRegistry=ProvidersCodecRegistry{codecProviders=[ValueCodecProvider{}, BsonValueCodecProvider{}, DBRefCodecProvider{}, DBObjectCodecProvider{}, DocumentCodecProvider{}, CollectionCodecProvider{}, IterableCodecProvider{}, MapCodecProvider{}, GeoJsonCodecProvider{}, GridFSFileCodecProvider{}, Jsr310CodecProvider{}, JsonObjectCodecProvider{}, BsonCodecProvider{}, EnumCodecProvider{}, com.mongodb.client.model.mql.ExpressionCodecProvider@4d0cc83e, com.mongodb.Jep395RecordCodecProvider@43da0955, com.mongodb.KotlinCodecProvider@bc09d57]}, loggerSettings=LoggerSettings{maxDocumentLength=1000}, clusterSettings={hosts=[localhost:27017], srvServiceName=mongodb, mode=SINGLE, requiredClusterType=UNKNOWN, requiredReplicaSetName='null', serverSelector='null', clusterListeners='[]', serverSelectionTimeout='30000 ms', localThreshold='15 ms'}, socketSettings=SocketSettings{connectTimeoutMS=10000, readTimeoutMS=0, receiveBufferSize=0, proxySettings=ProxySettings{host=null, port=null, username=null, password=null}}, heartbeatSocketSettings=SocketSettings{connectTimeoutMS=10000, readTimeoutMS=10000, receiveBufferSize=0, proxySettings=ProxySettings{host=null, port=null, username=null, password=null}}, connectionPoolSettings=ConnectionPoolSettings{maxSize=100, minSize=0, maxWaitTimeMS=120000, maxConnectionLifeTimeMS=0, maxConnectionIdleTimeMS=0, maintenanceInitialDelayMS=0, maintenanceFrequencyMS=60000, connectionPoolListeners=[], maxConnecting=2}, serverSettings=ServerSettings{heartbeatFrequencyMS=10000, minHeartbeatFrequencyMS=500, serverMonitoringMode=AUTO, serverListeners='[]', serverMonitorListeners='[]'}, sslSettings=SslSettings{enabled=false, invalidHostNameAllowed=false, context=null}, applicationName='null', compressorList=[], uuidRepresentation=JAVA_LEGACY, serverApi=null, autoEncryptionSettings=null, dnsClient=null, inetAddressResolver=null, contextProvider=null, timeoutMS=null}
2025-05-16T17:55:29.680+02:00 DEBUG 77967 --- [persist] [           main] o.s.b.f.s.DefaultListableBeanFactory     : Autowiring by type from bean name 'mongoDatabaseFactory' via factory method to bean named 'mongo'
2025-05-16T17:55:29.680+02:00 DEBUG 77967 --- [persist] [           main] o.s.b.f.s.DefaultListableBeanFactory     : Autowiring by type from bean name 'mongoDatabaseFactory' via factory method to bean named 'spring.data.mongodb-org.springframework.boot.autoconfigure.mongo.MongoProperties'
2025-05-16T17:55:29.680+02:00 DEBUG 77967 --- [persist] [           main] o.s.b.f.s.DefaultListableBeanFactory     : Autowiring by type from bean name 'mongoDatabaseFactory' via factory method to bean named 'mongoConnectionDetails'
2025-05-16T17:55:29.684+02:00 DEBUG 77967 --- [persist] [           main] o.s.b.f.s.DefaultListableBeanFactory     : Creating shared instance of singleton bean 'mappingMongoConverter'
2025-05-16T17:55:29.685+02:00 DEBUG 77967 --- [persist] [           main] o.s.b.f.s.DefaultListableBeanFactory     : Creating shared instance of singleton bean 'org.springframework.boot.autoconfigure.data.mongo.MongoDataConfiguration'
2025-05-16T17:55:29.686+02:00 DEBUG 77967 --- [persist] [           main] o.s.b.f.s.DefaultListableBeanFactory     : Creating shared instance of singleton bean 'mongoMappingContext'
2025-05-16T17:55:29.687+02:00 DEBUG 77967 --- [persist] [           main] o.s.b.f.s.DefaultListableBeanFactory     : Creating shared instance of singleton bean 'mongoCustomConversions'
2025-05-16T17:55:29.686+02:00  INFO 77967 --- [persist] [localhost:27017] org.mongodb.driver.cluster               : Exception in monitor thread while connecting to server localhost:27017

com.mongodb.MongoSocketOpenException: Exception opening socket
	at com.mongodb.internal.connection.SocketStream.lambda$open$0(SocketStream.java:85) ~[mongodb-driver-core-5.2.1.jar:na]
	at java.base/java.util.Optional.orElseThrow(Optional.java:403) ~[na:na]
	at com.mongodb.internal.connection.SocketStream.open(SocketStream.java:85) ~[mongodb-driver-core-5.2.1.jar:na]
	at com.mongodb.internal.connection.InternalStreamConnection.open(InternalStreamConnection.java:233) ~[mongodb-driver-core-5.2.1.jar:na]
	at com.mongodb.internal.connection.DefaultServerMonitor$ServerMonitor.lookupServerDescription(DefaultServerMonitor.java:219) ~[mongodb-driver-core-5.2.1.jar:na]
	at com.mongodb.internal.connection.DefaultServerMonitor$ServerMonitor.run(DefaultServerMonitor.java:176) ~[mongodb-driver-core-5.2.1.jar:na]
Caused by: java.net.ConnectException: Connexion refusée
	at java.base/sun.nio.ch.Net.pollConnect(Native Method) ~[na:na]
	at java.base/sun.nio.ch.Net.pollConnectNow(Net.java:682) ~[na:na]
	at java.base/sun.nio.ch.NioSocketImpl.timedFinishConnect(NioSocketImpl.java:542) ~[na:na]
	at java.base/sun.nio.ch.NioSocketImpl.connect(NioSocketImpl.java:592) ~[na:na]
	at java.base/java.net.SocksSocketImpl.connect(SocksSocketImpl.java:327) ~[na:na]
	at java.base/java.net.Socket.connect(Socket.java:760) ~[na:na]
	at com.mongodb.internal.connection.SocketStreamHelper.initialize(SocketStreamHelper.java:76) ~[mongodb-driver-core-5.2.1.jar:na]
	at com.mongodb.internal.connection.SocketStream.initializeSocket(SocketStream.java:104) ~[mongodb-driver-core-5.2.1.jar:na]
	at com.mongodb.internal.connection.SocketStream.open(SocketStream.java:79) ~[mongodb-driver-core-5.2.1.jar:na]
	... 3 common frames omitted

2025-05-16T17:55:29.691+02:00 DEBUG 77967 --- [persist] [localhost:27017] org.mongodb.driver.cluster               : Updating cluster description to  {type=UNKNOWN, servers=[{address=localhost:27017, type=UNKNOWN, state=CONNECTING, exception={com.mongodb.MongoSocketOpenException: Exception opening socket}, caused by {java.net.ConnectException: Connexion refusée}}]
2025-05-16T17:55:29.772+02:00 DEBUG 77967 --- [persist] [           main] o.s.data.convert.CustomConversions       : Adding converter from class java.lang.Character to class java.lang.String as writing converter
2025-05-16T17:55:29.772+02:00 DEBUG 77967 --- [persist] [           main] o.s.data.convert.CustomConversions       : Adding converter from class java.util.Locale to class java.lang.String as writing converter
2025-05-16T17:55:29.773+02:00 DEBUG 77967 --- [persist] [           main] o.s.data.convert.CustomConversions       : Adding converter from class java.math.BigDecimal to class java.lang.String as writing converter
2025-05-16T17:55:29.773+02:00 DEBUG 77967 --- [persist] [           main] o.s.data.convert.CustomConversions       : Adding converter from class java.math.BigDecimal to class org.bson.types.Decimal128 as writing converter
2025-05-16T17:55:29.773+02:00 DEBUG 77967 --- [persist] [           main] o.s.data.convert.CustomConversions       : Adding converter from class java.lang.String to class java.math.BigDecimal as reading converter
2025-05-16T17:55:29.773+02:00 DEBUG 77967 --- [persist] [           main] o.s.data.convert.CustomConversions       : Adding converter from class org.bson.types.Decimal128 to class java.math.BigDecimal as reading converter
2025-05-16T17:55:29.774+02:00 DEBUG 77967 --- [persist] [           main] o.s.data.convert.CustomConversions       : Adding converter from class java.math.BigInteger to class java.lang.String as writing converter
2025-05-16T17:55:29.774+02:00 DEBUG 77967 --- [persist] [           main] o.s.data.convert.CustomConversions       : Adding converter from class java.lang.String to class java.math.BigInteger as reading converter
2025-05-16T17:55:29.774+02:00 DEBUG 77967 --- [persist] [           main] o.s.data.convert.CustomConversions       : Adding converter from class java.net.URL to class java.lang.String as writing converter
2025-05-16T17:55:29.774+02:00 DEBUG 77967 --- [persist] [           main] o.s.data.convert.CustomConversions       : Adding converter from class java.lang.String to class java.net.URL as reading converter
2025-05-16T17:55:29.774+02:00 DEBUG 77967 --- [persist] [           main] o.s.data.convert.CustomConversions       : Adding converter from class org.bson.Document to class java.lang.String as reading converter
2025-05-16T17:55:29.774+02:00 DEBUG 77967 --- [persist] [           main] o.s.data.convert.CustomConversions       : Adding converter from class org.springframework.data.mongodb.core.query.Term to class java.lang.String as writing converter
2025-05-16T17:55:29.775+02:00 DEBUG 77967 --- [persist] [           main] o.s.data.convert.CustomConversions       : Adding converter from class org.springframework.data.mongodb.core.script.NamedMongoScript to class org.bson.Document as writing converter
2025-05-16T17:55:29.775+02:00 DEBUG 77967 --- [persist] [           main] o.s.data.convert.CustomConversions       : Adding converter from class org.bson.Document to class org.springframework.data.mongodb.core.script.NamedMongoScript as reading converter
2025-05-16T17:55:29.775+02:00 DEBUG 77967 --- [persist] [           main] o.s.data.convert.CustomConversions       : Adding converter from class java.util.Currency to class java.lang.String as writing converter
2025-05-16T17:55:29.775+02:00 DEBUG 77967 --- [persist] [           main] o.s.data.convert.CustomConversions       : Adding converter from class java.lang.String to class java.util.Currency as reading converter
2025-05-16T17:55:29.775+02:00 DEBUG 77967 --- [persist] [           main] o.s.data.convert.CustomConversions       : Adding converter from class java.util.concurrent.atomic.AtomicInteger to class java.lang.Integer as writing converter
2025-05-16T17:55:29.776+02:00 DEBUG 77967 --- [persist] [           main] o.s.data.convert.CustomConversions       : Adding converter from class java.util.concurrent.atomic.AtomicLong to class java.lang.Long as writing converter
2025-05-16T17:55:29.776+02:00 DEBUG 77967 --- [persist] [           main] o.s.data.convert.CustomConversions       : Adding converter from class java.lang.Long to class java.util.concurrent.atomic.AtomicLong as reading converter
2025-05-16T17:55:29.776+02:00 DEBUG 77967 --- [persist] [           main] o.s.data.convert.CustomConversions       : Adding converter from class java.lang.Integer to class java.util.concurrent.atomic.AtomicInteger as reading converter
2025-05-16T17:55:29.776+02:00 DEBUG 77967 --- [persist] [           main] o.s.data.convert.CustomConversions       : Adding converter from class org.bson.types.Binary to class [B as reading converter
2025-05-16T17:55:29.776+02:00 DEBUG 77967 --- [persist] [           main] o.s.data.convert.CustomConversions       : Adding converter from class org.bson.BsonTimestamp to class java.time.Instant as reading converter
2025-05-16T17:55:29.776+02:00 DEBUG 77967 --- [persist] [           main] o.s.data.convert.CustomConversions       : Adding converter from class org.bson.BsonUndefined to class java.lang.Object as reading converter
2025-05-16T17:55:29.776+02:00 DEBUG 77967 --- [persist] [           main] o.s.data.convert.CustomConversions       : Adding converter from class java.net.URI to class java.lang.String as writing converter
2025-05-16T17:55:29.776+02:00 DEBUG 77967 --- [persist] [           main] o.s.data.convert.CustomConversions       : Adding converter from class java.lang.String to class java.net.URI as reading converter
2025-05-16T17:55:29.777+02:00 DEBUG 77967 --- [persist] [           main] o.s.data.convert.CustomConversions       : Adding converter from class org.springframework.data.geo.Box to class org.bson.Document as writing converter
2025-05-16T17:55:29.777+02:00 DEBUG 77967 --- [persist] [           main] o.s.data.convert.CustomConversions       : Adding converter from class org.springframework.data.geo.Polygon to class org.bson.Document as writing converter
2025-05-16T17:55:29.777+02:00 DEBUG 77967 --- [persist] [           main] o.s.data.convert.CustomConversions       : Adding converter from class org.springframework.data.geo.Circle to class org.bson.Document as writing converter
2025-05-16T17:55:29.777+02:00 DEBUG 77967 --- [persist] [           main] o.s.data.convert.CustomConversions       : Adding converter from class org.springframework.data.mongodb.core.geo.Sphere to class org.bson.Document as writing converter
2025-05-16T17:55:29.777+02:00 DEBUG 77967 --- [persist] [           main] o.s.data.convert.CustomConversions       : Adding converter from class org.bson.Document to class org.springframework.data.geo.Box as reading converter
2025-05-16T17:55:29.778+02:00 DEBUG 77967 --- [persist] [           main] o.s.data.convert.CustomConversions       : Adding converter from class org.bson.Document to class org.springframework.data.geo.Polygon as reading converter
2025-05-16T17:55:29.778+02:00 DEBUG 77967 --- [persist] [           main] o.s.data.convert.CustomConversions       : Adding converter from class org.bson.Document to class org.springframework.data.geo.Circle as reading converter
2025-05-16T17:55:29.778+02:00 DEBUG 77967 --- [persist] [           main] o.s.data.convert.CustomConversions       : Adding converter from class org.bson.Document to class org.springframework.data.mongodb.core.geo.Sphere as reading converter
2025-05-16T17:55:29.778+02:00 DEBUG 77967 --- [persist] [           main] o.s.data.convert.CustomConversions       : Adding converter from class org.bson.Document to class org.springframework.data.geo.Point as reading converter
2025-05-16T17:55:29.778+02:00 DEBUG 77967 --- [persist] [           main] o.s.data.convert.CustomConversions       : Adding converter from class org.springframework.data.geo.Point to class org.bson.Document as writing converter
2025-05-16T17:55:29.778+02:00 DEBUG 77967 --- [persist] [           main] o.s.data.convert.CustomConversions       : Adding converter from class org.springframework.data.mongodb.core.query.GeoCommand to class org.bson.Document as writing converter
2025-05-16T17:55:29.779+02:00 DEBUG 77967 --- [persist] [           main] o.s.data.convert.CustomConversions       : Adding converter from interface org.springframework.data.mongodb.core.geo.GeoJson to class org.bson.Document as writing converter
2025-05-16T17:55:29.779+02:00 DEBUG 77967 --- [persist] [           main] o.s.data.convert.CustomConversions       : Adding converter from class org.springframework.data.mongodb.core.geo.GeoJsonPoint to class org.bson.Document as writing converter
2025-05-16T17:55:29.779+02:00 DEBUG 77967 --- [persist] [           main] o.s.data.convert.CustomConversions       : Adding converter from class org.springframework.data.mongodb.core.geo.GeoJsonPolygon to class org.bson.Document as writing converter
2025-05-16T17:55:29.779+02:00 DEBUG 77967 --- [persist] [           main] o.s.data.convert.CustomConversions       : Adding converter from class org.bson.Document to class org.springframework.data.mongodb.core.geo.GeoJsonPoint as reading converter
2025-05-16T17:55:29.779+02:00 DEBUG 77967 --- [persist] [           main] o.s.data.convert.CustomConversions       : Adding converter from class org.bson.Document to class org.springframework.data.mongodb.core.geo.GeoJsonPolygon as reading converter
2025-05-16T17:55:29.780+02:00 DEBUG 77967 --- [persist] [           main] o.s.data.convert.CustomConversions       : Adding converter from class org.bson.Document to class org.springframework.data.mongodb.core.geo.GeoJsonLineString as reading converter
2025-05-16T17:55:29.780+02:00 DEBUG 77967 --- [persist] [           main] o.s.data.convert.CustomConversions       : Adding converter from class org.bson.Document to class org.springframework.data.mongodb.core.geo.GeoJsonMultiLineString as reading converter
2025-05-16T17:55:29.780+02:00 DEBUG 77967 --- [persist] [           main] o.s.data.convert.CustomConversions       : Adding converter from class org.bson.Document to class org.springframework.data.mongodb.core.geo.GeoJsonMultiPoint as reading converter
2025-05-16T17:55:29.780+02:00 DEBUG 77967 --- [persist] [           main] o.s.data.convert.CustomConversions       : Adding converter from class org.bson.Document to class org.springframework.data.mongodb.core.geo.GeoJsonMultiPolygon as reading converter
2025-05-16T17:55:29.780+02:00 DEBUG 77967 --- [persist] [           main] o.s.data.convert.CustomConversions       : Adding converter from class org.bson.Document to class org.springframework.data.mongodb.core.geo.GeoJsonGeometryCollection as reading converter
2025-05-16T17:55:29.780+02:00 DEBUG 77967 --- [persist] [           main] o.s.data.convert.CustomConversions       : Adding converter from class org.bson.Document to interface org.springframework.data.mongodb.core.geo.GeoJson as reading converter
2025-05-16T17:55:29.781+02:00 DEBUG 77967 --- [persist] [           main] o.s.data.convert.CustomConversions       : Adding converter from class java.util.Date to class java.time.LocalDateTime as reading converter
2025-05-16T17:55:29.781+02:00 DEBUG 77967 --- [persist] [           main] o.s.data.convert.CustomConversions       : Adding converter from class java.time.LocalDateTime to class java.util.Date as writing converter
2025-05-16T17:55:29.781+02:00 DEBUG 77967 --- [persist] [           main] o.s.data.convert.CustomConversions       : Adding converter from class java.util.Date to class java.time.LocalDate as reading converter
2025-05-16T17:55:29.781+02:00 DEBUG 77967 --- [persist] [           main] o.s.data.convert.CustomConversions       : Adding converter from class java.time.LocalDate to class java.util.Date as writing converter
2025-05-16T17:55:29.781+02:00 DEBUG 77967 --- [persist] [           main] o.s.data.convert.CustomConversions       : Adding converter from class java.util.Date to class java.time.LocalTime as reading converter
2025-05-16T17:55:29.782+02:00 DEBUG 77967 --- [persist] [           main] o.s.data.convert.CustomConversions       : Adding converter from class java.time.LocalTime to class java.util.Date as writing converter
2025-05-16T17:55:29.782+02:00 DEBUG 77967 --- [persist] [           main] o.s.data.convert.CustomConversions       : Adding converter from class java.util.Date to class java.time.Instant as reading converter
2025-05-16T17:55:29.782+02:00 DEBUG 77967 --- [persist] [           main] o.s.data.convert.CustomConversions       : Adding converter from class java.time.Instant to class java.util.Date as writing converter
2025-05-16T17:55:29.782+02:00 DEBUG 77967 --- [persist] [           main] o.s.data.convert.CustomConversions       : Skipping converter from class java.time.LocalDateTime to class java.time.Instant as reading converter class java.time.LocalDateTime is not a store supported simple type
2025-05-16T17:55:29.782+02:00 DEBUG 77967 --- [persist] [           main] o.s.data.convert.CustomConversions       : Skipping converter from class java.time.Instant to class java.time.LocalDateTime as reading converter class java.time.Instant is not a store supported simple type
2025-05-16T17:55:29.782+02:00 DEBUG 77967 --- [persist] [           main] o.s.data.convert.CustomConversions       : Adding converter from class java.time.ZoneId to class java.lang.String as writing converter
2025-05-16T17:55:29.782+02:00 DEBUG 77967 --- [persist] [           main] o.s.data.convert.CustomConversions       : Adding converter from class java.lang.String to class java.time.ZoneId as reading converter
2025-05-16T17:55:29.782+02:00 DEBUG 77967 --- [persist] [           main] o.s.data.convert.CustomConversions       : Adding converter from class java.time.Duration to class java.lang.String as writing converter
2025-05-16T17:55:29.783+02:00 DEBUG 77967 --- [persist] [           main] o.s.data.convert.CustomConversions       : Adding converter from class java.lang.String to class java.time.Duration as reading converter
2025-05-16T17:55:29.783+02:00 DEBUG 77967 --- [persist] [           main] o.s.data.convert.CustomConversions       : Adding converter from class java.time.Period to class java.lang.String as writing converter
2025-05-16T17:55:29.783+02:00 DEBUG 77967 --- [persist] [           main] o.s.data.convert.CustomConversions       : Adding converter from class java.lang.String to class java.time.Period as reading converter
2025-05-16T17:55:29.783+02:00 DEBUG 77967 --- [persist] [           main] o.s.data.convert.CustomConversions       : Adding converter from class java.lang.String to class java.time.LocalDate as reading converter
2025-05-16T17:55:29.783+02:00 DEBUG 77967 --- [persist] [           main] o.s.data.convert.CustomConversions       : Adding converter from class java.lang.String to class java.time.LocalDateTime as reading converter
2025-05-16T17:55:29.783+02:00 DEBUG 77967 --- [persist] [           main] o.s.data.convert.CustomConversions       : Adding converter from class java.lang.String to class java.time.Instant as reading converter
2025-05-16T17:55:29.785+02:00 DEBUG 77967 --- [persist] [           main] o.s.b.f.s.DefaultListableBeanFactory     : Creating shared instance of singleton bean 'mongoManagedTypes'
2025-05-16T17:55:29.786+02:00 DEBUG 77967 --- [persist] [           main] o.s.b.f.s.DefaultListableBeanFactory     : Autowiring by type from bean name 'mongoManagedTypes' via factory method to bean named 'org.springframework.web.context.support.GenericWebApplicationContext@30457e14'
2025-05-16T17:55:29.801+02:00 DEBUG 77967 --- [persist] [           main] ssPathScanningCandidateComponentProvider : Identified candidate component class: file [/home/mad/Deploiement/persist/target/classes/mad/chat_data/persist/domain/models/Conversation.class]
2025-05-16T17:55:29.801+02:00 DEBUG 77967 --- [persist] [           main] ssPathScanningCandidateComponentProvider : Identified candidate component class: file [/home/mad/Deploiement/persist/target/classes/mad/chat_data/persist/domain/models/Message.class]
2025-05-16T17:55:29.801+02:00 DEBUG 77967 --- [persist] [           main] ssPathScanningCandidateComponentProvider : Identified candidate component class: file [/home/mad/Deploiement/persist/target/classes/mad/chat_data/persist/domain/models/User.class]
2025-05-16T17:55:29.803+02:00 DEBUG 77967 --- [persist] [           main] o.s.b.f.s.DefaultListableBeanFactory     : Autowiring by type from bean name 'mongoMappingContext' via factory method to bean named 'spring.data.mongodb-org.springframework.boot.autoconfigure.mongo.MongoProperties'
2025-05-16T17:55:29.804+02:00 DEBUG 77967 --- [persist] [           main] o.s.b.f.s.DefaultListableBeanFactory     : Autowiring by type from bean name 'mongoMappingContext' via factory method to bean named 'mongoCustomConversions'
2025-05-16T17:55:29.804+02:00 DEBUG 77967 --- [persist] [           main] o.s.b.f.s.DefaultListableBeanFactory     : Autowiring by type from bean name 'mongoMappingContext' via factory method to bean named 'mongoManagedTypes'
2025-05-16T17:55:29.884+02:00 DEBUG 77967 --- [persist] [           main] o.s.b.f.s.DefaultListableBeanFactory     : Autowiring by type from bean name 'mappingMongoConverter' via factory method to bean named 'mongoMappingContext'
2025-05-16T17:55:29.884+02:00 DEBUG 77967 --- [persist] [           main] o.s.b.f.s.DefaultListableBeanFactory     : Autowiring by type from bean name 'mappingMongoConverter' via factory method to bean named 'mongoCustomConversions'
2025-05-16T17:55:29.896+02:00 DEBUG 77967 --- [persist] [           main] o.s.data.convert.CustomConversions       : Adding converter from class java.lang.Character to class java.lang.String as writing converter
2025-05-16T17:55:29.897+02:00 DEBUG 77967 --- [persist] [           main] o.s.data.convert.CustomConversions       : Adding converter from class java.util.Locale to class java.lang.String as writing converter
2025-05-16T17:55:29.897+02:00 DEBUG 77967 --- [persist] [           main] o.s.data.convert.CustomConversions       : Adding converter from class java.math.BigDecimal to class java.lang.String as writing converter
2025-05-16T17:55:29.897+02:00 DEBUG 77967 --- [persist] [           main] o.s.data.convert.CustomConversions       : Adding converter from class java.math.BigDecimal to class org.bson.types.Decimal128 as writing converter
2025-05-16T17:55:29.897+02:00 DEBUG 77967 --- [persist] [           main] o.s.data.convert.CustomConversions       : Adding converter from class java.lang.String to class java.math.BigDecimal as reading converter
2025-05-16T17:55:29.897+02:00 DEBUG 77967 --- [persist] [           main] o.s.data.convert.CustomConversions       : Adding converter from class org.bson.types.Decimal128 to class java.math.BigDecimal as reading converter
2025-05-16T17:55:29.897+02:00 DEBUG 77967 --- [persist] [           main] o.s.data.convert.CustomConversions       : Adding converter from class java.math.BigInteger to class java.lang.String as writing converter
2025-05-16T17:55:29.898+02:00 DEBUG 77967 --- [persist] [           main] o.s.data.convert.CustomConversions       : Adding converter from class java.lang.String to class java.math.BigInteger as reading converter
2025-05-16T17:55:29.898+02:00 DEBUG 77967 --- [persist] [           main] o.s.data.convert.CustomConversions       : Adding converter from class java.net.URL to class java.lang.String as writing converter
2025-05-16T17:55:29.898+02:00 DEBUG 77967 --- [persist] [           main] o.s.data.convert.CustomConversions       : Adding converter from class java.lang.String to class java.net.URL as reading converter
2025-05-16T17:55:29.898+02:00 DEBUG 77967 --- [persist] [           main] o.s.data.convert.CustomConversions       : Adding converter from class org.bson.Document to class java.lang.String as reading converter
2025-05-16T17:55:29.898+02:00 DEBUG 77967 --- [persist] [           main] o.s.data.convert.CustomConversions       : Adding converter from class org.springframework.data.mongodb.core.query.Term to class java.lang.String as writing converter
2025-05-16T17:55:29.899+02:00 DEBUG 77967 --- [persist] [           main] o.s.data.convert.CustomConversions       : Adding converter from class org.springframework.data.mongodb.core.script.NamedMongoScript to class org.bson.Document as writing converter
2025-05-16T17:55:29.899+02:00 DEBUG 77967 --- [persist] [           main] o.s.data.convert.CustomConversions       : Adding converter from class org.bson.Document to class org.springframework.data.mongodb.core.script.NamedMongoScript as reading converter
2025-05-16T17:55:29.899+02:00 DEBUG 77967 --- [persist] [           main] o.s.data.convert.CustomConversions       : Adding converter from class java.util.Currency to class java.lang.String as writing converter
2025-05-16T17:55:29.899+02:00 DEBUG 77967 --- [persist] [           main] o.s.data.convert.CustomConversions       : Adding converter from class java.lang.String to class java.util.Currency as reading converter
2025-05-16T17:55:29.899+02:00 DEBUG 77967 --- [persist] [           main] o.s.data.convert.CustomConversions       : Adding converter from class java.util.concurrent.atomic.AtomicInteger to class java.lang.Integer as writing converter
2025-05-16T17:55:29.899+02:00 DEBUG 77967 --- [persist] [           main] o.s.data.convert.CustomConversions       : Adding converter from class java.util.concurrent.atomic.AtomicLong to class java.lang.Long as writing converter
2025-05-16T17:55:29.900+02:00 DEBUG 77967 --- [persist] [           main] o.s.data.convert.CustomConversions       : Adding converter from class java.lang.Long to class java.util.concurrent.atomic.AtomicLong as reading converter
2025-05-16T17:55:29.900+02:00 DEBUG 77967 --- [persist] [           main] o.s.data.convert.CustomConversions       : Adding converter from class java.lang.Integer to class java.util.concurrent.atomic.AtomicInteger as reading converter
2025-05-16T17:55:29.900+02:00 DEBUG 77967 --- [persist] [           main] o.s.data.convert.CustomConversions       : Adding converter from class org.bson.types.Binary to class [B as reading converter
2025-05-16T17:55:29.900+02:00 DEBUG 77967 --- [persist] [           main] o.s.data.convert.CustomConversions       : Adding converter from class org.bson.BsonTimestamp to class java.time.Instant as reading converter
2025-05-16T17:55:29.900+02:00 DEBUG 77967 --- [persist] [           main] o.s.data.convert.CustomConversions       : Adding converter from class org.bson.BsonUndefined to class java.lang.Object as reading converter
2025-05-16T17:55:29.900+02:00 DEBUG 77967 --- [persist] [           main] o.s.data.convert.CustomConversions       : Adding converter from class java.net.URI to class java.lang.String as writing converter
2025-05-16T17:55:29.900+02:00 DEBUG 77967 --- [persist] [           main] o.s.data.convert.CustomConversions       : Adding converter from class java.lang.String to class java.net.URI as reading converter
2025-05-16T17:55:29.900+02:00 DEBUG 77967 --- [persist] [           main] o.s.data.convert.CustomConversions       : Adding converter from class org.springframework.data.geo.Box to class org.bson.Document as writing converter
2025-05-16T17:55:29.900+02:00 DEBUG 77967 --- [persist] [           main] o.s.data.convert.CustomConversions       : Adding converter from class org.springframework.data.geo.Polygon to class org.bson.Document as writing converter
2025-05-16T17:55:29.901+02:00 DEBUG 77967 --- [persist] [           main] o.s.data.convert.CustomConversions       : Adding converter from class org.springframework.data.geo.Circle to class org.bson.Document as writing converter
2025-05-16T17:55:29.901+02:00 DEBUG 77967 --- [persist] [           main] o.s.data.convert.CustomConversions       : Adding converter from class org.springframework.data.mongodb.core.geo.Sphere to class org.bson.Document as writing converter
2025-05-16T17:55:29.901+02:00 DEBUG 77967 --- [persist] [           main] o.s.data.convert.CustomConversions       : Adding converter from class org.bson.Document to class org.springframework.data.geo.Box as reading converter
2025-05-16T17:55:29.901+02:00 DEBUG 77967 --- [persist] [           main] o.s.data.convert.CustomConversions       : Adding converter from class org.bson.Document to class org.springframework.data.geo.Polygon as reading converter
2025-05-16T17:55:29.901+02:00 DEBUG 77967 --- [persist] [           main] o.s.data.convert.CustomConversions       : Adding converter from class org.bson.Document to class org.springframework.data.geo.Circle as reading converter
2025-05-16T17:55:29.901+02:00 DEBUG 77967 --- [persist] [           main] o.s.data.convert.CustomConversions       : Adding converter from class org.bson.Document to class org.springframework.data.mongodb.core.geo.Sphere as reading converter
2025-05-16T17:55:29.901+02:00 DEBUG 77967 --- [persist] [           main] o.s.data.convert.CustomConversions       : Adding converter from class org.bson.Document to class org.springframework.data.geo.Point as reading converter
2025-05-16T17:55:29.901+02:00 DEBUG 77967 --- [persist] [           main] o.s.data.convert.CustomConversions       : Adding converter from class org.springframework.data.geo.Point to class org.bson.Document as writing converter
2025-05-16T17:55:29.901+02:00 DEBUG 77967 --- [persist] [           main] o.s.data.convert.CustomConversions       : Adding converter from class org.springframework.data.mongodb.core.query.GeoCommand to class org.bson.Document as writing converter
2025-05-16T17:55:29.901+02:00 DEBUG 77967 --- [persist] [           main] o.s.data.convert.CustomConversions       : Adding converter from interface org.springframework.data.mongodb.core.geo.GeoJson to class org.bson.Document as writing converter
2025-05-16T17:55:29.901+02:00 DEBUG 77967 --- [persist] [           main] o.s.data.convert.CustomConversions       : Adding converter from class org.springframework.data.mongodb.core.geo.GeoJsonPoint to class org.bson.Document as writing converter
2025-05-16T17:55:29.902+02:00 DEBUG 77967 --- [persist] [           main] o.s.data.convert.CustomConversions       : Adding converter from class org.springframework.data.mongodb.core.geo.GeoJsonPolygon to class org.bson.Document as writing converter
2025-05-16T17:55:29.902+02:00 DEBUG 77967 --- [persist] [           main] o.s.data.convert.CustomConversions       : Adding converter from class org.bson.Document to class org.springframework.data.mongodb.core.geo.GeoJsonPoint as reading converter
2025-05-16T17:55:29.902+02:00 DEBUG 77967 --- [persist] [           main] o.s.data.convert.CustomConversions       : Adding converter from class org.bson.Document to class org.springframework.data.mongodb.core.geo.GeoJsonPolygon as reading converter
2025-05-16T17:55:29.902+02:00 DEBUG 77967 --- [persist] [           main] o.s.data.convert.CustomConversions       : Adding converter from class org.bson.Document to class org.springframework.data.mongodb.core.geo.GeoJsonLineString as reading converter
2025-05-16T17:55:29.902+02:00 DEBUG 77967 --- [persist] [           main] o.s.data.convert.CustomConversions       : Adding converter from class org.bson.Document to class org.springframework.data.mongodb.core.geo.GeoJsonMultiLineString as reading converter
2025-05-16T17:55:29.902+02:00 DEBUG 77967 --- [persist] [           main] o.s.data.convert.CustomConversions       : Adding converter from class org.bson.Document to class org.springframework.data.mongodb.core.geo.GeoJsonMultiPoint as reading converter
2025-05-16T17:55:29.902+02:00 DEBUG 77967 --- [persist] [           main] o.s.data.convert.CustomConversions       : Adding converter from class org.bson.Document to class org.springframework.data.mongodb.core.geo.GeoJsonMultiPolygon as reading converter
2025-05-16T17:55:29.902+02:00 DEBUG 77967 --- [persist] [           main] o.s.data.convert.CustomConversions       : Adding converter from class org.bson.Document to class org.springframework.data.mongodb.core.geo.GeoJsonGeometryCollection as reading converter
2025-05-16T17:55:29.902+02:00 DEBUG 77967 --- [persist] [           main] o.s.data.convert.CustomConversions       : Adding converter from class org.bson.Document to interface org.springframework.data.mongodb.core.geo.GeoJson as reading converter
2025-05-16T17:55:29.902+02:00 DEBUG 77967 --- [persist] [           main] o.s.data.convert.CustomConversions       : Adding converter from class java.util.Date to class java.time.LocalDateTime as reading converter
2025-05-16T17:55:29.903+02:00 DEBUG 77967 --- [persist] [           main] o.s.data.convert.CustomConversions       : Adding converter from class java.time.LocalDateTime to class java.util.Date as writing converter
2025-05-16T17:55:29.903+02:00 DEBUG 77967 --- [persist] [           main] o.s.data.convert.CustomConversions       : Adding converter from class java.util.Date to class java.time.LocalDate as reading converter
2025-05-16T17:55:29.903+02:00 DEBUG 77967 --- [persist] [           main] o.s.data.convert.CustomConversions       : Adding converter from class java.time.LocalDate to class java.util.Date as writing converter
2025-05-16T17:55:29.903+02:00 DEBUG 77967 --- [persist] [           main] o.s.data.convert.CustomConversions       : Adding converter from class java.util.Date to class java.time.LocalTime as reading converter
2025-05-16T17:55:29.903+02:00 DEBUG 77967 --- [persist] [           main] o.s.data.convert.CustomConversions       : Adding converter from class java.time.LocalTime to class java.util.Date as writing converter
2025-05-16T17:55:29.903+02:00 DEBUG 77967 --- [persist] [           main] o.s.data.convert.CustomConversions       : Adding converter from class java.util.Date to class java.time.Instant as reading converter
2025-05-16T17:55:29.903+02:00 DEBUG 77967 --- [persist] [           main] o.s.data.convert.CustomConversions       : Adding converter from class java.time.Instant to class java.util.Date as writing converter
2025-05-16T17:55:29.903+02:00 DEBUG 77967 --- [persist] [           main] o.s.data.convert.CustomConversions       : Skipping converter from class java.time.LocalDateTime to class java.time.Instant as reading converter class java.time.LocalDateTime is not a store supported simple type
2025-05-16T17:55:29.903+02:00 DEBUG 77967 --- [persist] [           main] o.s.data.convert.CustomConversions       : Skipping converter from class java.time.Instant to class java.time.LocalDateTime as reading converter class java.time.Instant is not a store supported simple type
2025-05-16T17:55:29.904+02:00 DEBUG 77967 --- [persist] [           main] o.s.data.convert.CustomConversions       : Adding converter from class java.time.ZoneId to class java.lang.String as writing converter
2025-05-16T17:55:29.904+02:00 DEBUG 77967 --- [persist] [           main] o.s.data.convert.CustomConversions       : Adding converter from class java.lang.String to class java.time.ZoneId as reading converter
2025-05-16T17:55:29.904+02:00 DEBUG 77967 --- [persist] [           main] o.s.data.convert.CustomConversions       : Adding converter from class java.time.Duration to class java.lang.String as writing converter
2025-05-16T17:55:29.904+02:00 DEBUG 77967 --- [persist] [           main] o.s.data.convert.CustomConversions       : Adding converter from class java.lang.String to class java.time.Duration as reading converter
2025-05-16T17:55:29.904+02:00 DEBUG 77967 --- [persist] [           main] o.s.data.convert.CustomConversions       : Adding converter from class java.time.Period to class java.lang.String as writing converter
2025-05-16T17:55:29.904+02:00 DEBUG 77967 --- [persist] [           main] o.s.data.convert.CustomConversions       : Adding converter from class java.lang.String to class java.time.Period as reading converter
2025-05-16T17:55:29.904+02:00 DEBUG 77967 --- [persist] [           main] o.s.data.convert.CustomConversions       : Adding converter from class java.lang.String to class java.time.LocalDate as reading converter
2025-05-16T17:55:29.904+02:00 DEBUG 77967 --- [persist] [           main] o.s.data.convert.CustomConversions       : Adding converter from class java.lang.String to class java.time.LocalDateTime as reading converter
2025-05-16T17:55:29.904+02:00 DEBUG 77967 --- [persist] [           main] o.s.data.convert.CustomConversions       : Adding converter from class java.lang.String to class java.time.Instant as reading converter
2025-05-16T17:55:29.928+02:00 DEBUG 77967 --- [persist] [           main] o.s.b.f.s.DefaultListableBeanFactory     : Autowiring by type from bean name 'mongoTemplate' via factory method to bean named 'mongoDatabaseFactory'
2025-05-16T17:55:29.928+02:00 DEBUG 77967 --- [persist] [           main] o.s.b.f.s.DefaultListableBeanFactory     : Autowiring by type from bean name 'mongoTemplate' via factory method to bean named 'mappingMongoConverter'
2025-05-16T17:55:29.966+02:00 DEBUG 77967 --- [persist] [           main] o.s.d.r.c.s.RepositoryFactorySupport     : Initializing repository instance for mad.chat_data.persist.domain.repositories.UserRepository…
2025-05-16T17:55:30.064+02:00 DEBUG 77967 --- [persist] [           main] o.s.d.r.c.s.RepositoryFactorySupport     : Finished creation of repository instance for mad.chat_data.persist.domain.repositories.UserRepository.
2025-05-16T17:55:30.068+02:00 DEBUG 77967 --- [persist] [           main] o.s.b.f.s.DefaultListableBeanFactory     : Creating shared instance of singleton bean 'chatService'
2025-05-16T17:55:30.068+02:00 DEBUG 77967 --- [persist] [           main] o.s.b.f.s.DefaultListableBeanFactory     : Creating shared instance of singleton bean 'messageRepository'
2025-05-16T17:55:30.069+02:00 DEBUG 77967 --- [persist] [           main] o.s.b.f.s.DefaultListableBeanFactory     : Creating shared instance of singleton bean 'mongo.named-queries#1'
2025-05-16T17:55:30.070+02:00 DEBUG 77967 --- [persist] [           main] o.s.b.f.s.DefaultListableBeanFactory     : Creating shared instance of singleton bean 'mongodb.MessageRepository.fragments#0'
2025-05-16T17:55:30.071+02:00 DEBUG 77967 --- [persist] [           main] o.s.d.r.c.s.RepositoryFactorySupport     : Initializing repository instance for mad.chat_data.persist.domain.repositories.MessageRepository…
2025-05-16T17:55:30.086+02:00 DEBUG 77967 --- [persist] [           main] o.s.d.r.c.s.RepositoryFactorySupport     : Finished creation of repository instance for mad.chat_data.persist.domain.repositories.MessageRepository.
2025-05-16T17:55:30.087+02:00 DEBUG 77967 --- [persist] [           main] o.s.b.f.s.DefaultListableBeanFactory     : Creating shared instance of singleton bean 'conversationRepository'
2025-05-16T17:55:30.088+02:00 DEBUG 77967 --- [persist] [           main] o.s.b.f.s.DefaultListableBeanFactory     : Creating shared instance of singleton bean 'mongo.named-queries#2'
2025-05-16T17:55:30.089+02:00 DEBUG 77967 --- [persist] [           main] o.s.b.f.s.DefaultListableBeanFactory     : Creating shared instance of singleton bean 'mongodb.ConversationRepository.fragments#0'
2025-05-16T17:55:30.090+02:00 DEBUG 77967 --- [persist] [           main] o.s.d.r.c.s.RepositoryFactorySupport     : Initializing repository instance for mad.chat_data.persist.domain.repositories.ConversationRepository…
2025-05-16T17:55:30.100+02:00 DEBUG 77967 --- [persist] [           main] o.s.d.r.c.s.RepositoryFactorySupport     : Finished creation of repository instance for mad.chat_data.persist.domain.repositories.ConversationRepository.
2025-05-16T17:55:30.101+02:00 DEBUG 77967 --- [persist] [           main] o.s.b.f.s.DefaultListableBeanFactory     : Creating shared instance of singleton bean 'redisCacheService'
2025-05-16T17:55:30.102+02:00 DEBUG 77967 --- [persist] [           main] o.s.b.f.s.DefaultListableBeanFactory     : Creating shared instance of singleton bean 'stringRedisTemplate'
2025-05-16T17:55:30.103+02:00 DEBUG 77967 --- [persist] [           main] o.s.b.f.s.DefaultListableBeanFactory     : Creating shared instance of singleton bean 'org.springframework.boot.autoconfigure.data.redis.RedisAutoConfiguration'
2025-05-16T17:55:30.104+02:00 DEBUG 77967 --- [persist] [           main] o.s.b.f.s.DefaultListableBeanFactory     : Creating shared instance of singleton bean 'redisConnectionFactory'
2025-05-16T17:55:30.104+02:00 DEBUG 77967 --- [persist] [           main] o.s.b.f.s.DefaultListableBeanFactory     : Creating shared instance of singleton bean 'org.springframework.boot.autoconfigure.data.redis.LettuceConnectionConfiguration'
2025-05-16T17:55:30.105+02:00 DEBUG 77967 --- [persist] [           main] o.s.b.f.s.DefaultListableBeanFactory     : Creating shared instance of singleton bean 'spring.data.redis-org.springframework.boot.autoconfigure.data.redis.RedisProperties'
2025-05-16T17:55:30.120+02:00 DEBUG 77967 --- [persist] [           main] o.s.b.f.s.DefaultListableBeanFactory     : Creating shared instance of singleton bean 'redisConnectionDetails'
2025-05-16T17:55:30.120+02:00 DEBUG 77967 --- [persist] [           main] o.s.b.f.s.DefaultListableBeanFactory     : Autowiring by type from bean name 'redisConnectionDetails' via factory method to bean named 'spring.data.redis-org.springframework.boot.autoconfigure.data.redis.RedisProperties'
2025-05-16T17:55:30.122+02:00 DEBUG 77967 --- [persist] [           main] o.s.b.f.s.DefaultListableBeanFactory     : Autowiring by type from bean name 'org.springframework.boot.autoconfigure.data.redis.LettuceConnectionConfiguration' via constructor to bean named 'spring.data.redis-org.springframework.boot.autoconfigure.data.redis.RedisProperties'
2025-05-16T17:55:30.122+02:00 DEBUG 77967 --- [persist] [           main] o.s.b.f.s.DefaultListableBeanFactory     : Autowiring by type from bean name 'org.springframework.boot.autoconfigure.data.redis.LettuceConnectionConfiguration' via constructor to bean named 'redisConnectionDetails'
2025-05-16T17:55:30.127+02:00 DEBUG 77967 --- [persist] [           main] o.s.b.f.s.DefaultListableBeanFactory     : Creating shared instance of singleton bean 'lettuceClientResources'
2025-05-16T17:55:30.133+02:00 DEBUG 77967 --- [persist] [           main] i.n.u.i.logging.InternalLoggerFactory    : Using SLF4J as the default logging framework
2025-05-16T17:55:30.137+02:00 DEBUG 77967 --- [persist] [           main] i.l.c.r.AddressResolverGroupProvider     : Starting without optional netty's non-blocking DNS resolver library
2025-05-16T17:55:30.139+02:00 DEBUG 77967 --- [persist] [           main] i.l.c.resource.DefaultClientResources    : -Dio.netty.eventLoopThreads: 8
2025-05-16T17:55:30.147+02:00 DEBUG 77967 --- [persist] [           main] i.l.c.r.DefaultEventLoopGroupProvider    : Creating executor io.netty.util.concurrent.DefaultEventExecutorGroup
2025-05-16T17:55:30.159+02:00 DEBUG 77967 --- [persist] [           main] i.n.util.concurrent.GlobalEventExecutor  : -Dio.netty.globalEventExecutor.quietPeriodSeconds: 1
2025-05-16T17:55:30.166+02:00 DEBUG 77967 --- [persist] [           main] i.n.u.internal.InternalThreadLocalMap    : -Dio.netty.threadLocalMap.stringBuilder.initialSize: 1024
2025-05-16T17:55:30.167+02:00 DEBUG 77967 --- [persist] [           main] i.n.u.internal.InternalThreadLocalMap    : -Dio.netty.threadLocalMap.stringBuilder.maxSize: 4096
2025-05-16T17:55:30.172+02:00 DEBUG 77967 --- [persist] [           main] io.netty.util.ResourceLeakDetector       : -Dio.netty.leakDetection.level: simple
2025-05-16T17:55:30.172+02:00 DEBUG 77967 --- [persist] [           main] io.netty.util.ResourceLeakDetector       : -Dio.netty.leakDetection.targetRecords: 4
2025-05-16T17:55:30.175+02:00 DEBUG 77967 --- [persist] [           main] i.n.util.ResourceLeakDetectorFactory     : Loaded default ResourceLeakDetector: io.netty.util.ResourceLeakDetector@610fbe1c
2025-05-16T17:55:30.198+02:00 DEBUG 77967 --- [persist] [           main] i.n.util.internal.PlatformDependent0     : -Dio.netty.noUnsafe: false
2025-05-16T17:55:30.199+02:00 DEBUG 77967 --- [persist] [           main] i.n.util.internal.PlatformDependent0     : Java version: 23
2025-05-16T17:55:30.200+02:00 DEBUG 77967 --- [persist] [           main] i.n.util.internal.PlatformDependent0     : sun.misc.Unsafe.theUnsafe: available
2025-05-16T17:55:30.201+02:00 DEBUG 77967 --- [persist] [           main] i.n.util.internal.PlatformDependent0     : sun.misc.Unsafe base methods: all available
2025-05-16T17:55:30.202+02:00 DEBUG 77967 --- [persist] [           main] i.n.util.internal.PlatformDependent0     : sun.misc.Unsafe.storeFence: available
2025-05-16T17:55:30.202+02:00 DEBUG 77967 --- [persist] [           main] i.n.util.internal.PlatformDependent0     : java.nio.Buffer.address: available
2025-05-16T17:55:30.203+02:00 DEBUG 77967 --- [persist] [           main] i.n.util.internal.PlatformDependent0     : direct buffer constructor: unavailable: Reflective setAccessible(true) disabled
2025-05-16T17:55:30.203+02:00 DEBUG 77967 --- [persist] [           main] i.n.util.internal.PlatformDependent0     : java.nio.Bits.unaligned: available, true
2025-05-16T17:55:30.205+02:00 DEBUG 77967 --- [persist] [           main] i.n.util.internal.PlatformDependent0     : jdk.internal.misc.Unsafe.allocateUninitializedArray(int): unavailable: class io.netty.util.internal.PlatformDependent0$7 cannot access class jdk.internal.misc.Unsafe (in module java.base) because module java.base does not export jdk.internal.misc to unnamed module @646007f4
2025-05-16T17:55:30.206+02:00 DEBUG 77967 --- [persist] [           main] i.n.util.internal.PlatformDependent0     : java.nio.DirectByteBuffer.<init>(long, {int,long}): unavailable
2025-05-16T17:55:30.206+02:00 DEBUG 77967 --- [persist] [           main] i.netty.util.internal.PlatformDependent  : sun.misc.Unsafe: available
2025-05-16T17:55:30.206+02:00 DEBUG 77967 --- [persist] [           main] i.netty.util.internal.PlatformDependent  : -Dio.netty.tmpdir: /tmp (java.io.tmpdir)
2025-05-16T17:55:30.206+02:00 DEBUG 77967 --- [persist] [           main] i.netty.util.internal.PlatformDependent  : -Dio.netty.bitMode: 64 (sun.arch.data.model)
2025-05-16T17:55:30.207+02:00 DEBUG 77967 --- [persist] [           main] i.netty.util.internal.PlatformDependent  : -Dio.netty.maxDirectMemory: -1 bytes
2025-05-16T17:55:30.207+02:00 DEBUG 77967 --- [persist] [           main] i.netty.util.internal.PlatformDependent  : -Dio.netty.uninitializedArrayAllocationThreshold: -1
2025-05-16T17:55:30.208+02:00 DEBUG 77967 --- [persist] [           main] io.netty.util.internal.CleanerJava9      : java.nio.ByteBuffer.cleaner(): available
2025-05-16T17:55:30.208+02:00 DEBUG 77967 --- [persist] [           main] i.netty.util.internal.PlatformDependent  : -Dio.netty.noPreferDirect: false
2025-05-16T17:55:30.217+02:00 DEBUG 77967 --- [persist] [           main] i.netty.util.internal.PlatformDependent  : org.jctools-core.MpscChunkedArrayQueue: available
2025-05-16T17:55:30.227+02:00 DEBUG 77967 --- [persist] [           main] reactor.util.Loggers                     : Using Slf4j logging framework
2025-05-16T17:55:30.231+02:00 DEBUG 77967 --- [persist] [           main] i.l.core.event.jfr.EventRecorderHolder   : Starting with JFR support
2025-05-16T17:55:30.241+02:00 DEBUG 77967 --- [persist] [           main] i.l.c.resource.DefaultClientResources    : LatencyUtils/HdrUtils are not available, metrics are disabled
2025-05-16T17:55:30.244+02:00 DEBUG 77967 --- [persist] [           main] o.s.b.f.s.DefaultListableBeanFactory     : Autowiring by type from bean name 'redisConnectionFactory' via factory method to bean named 'lettuceClientResources'
2025-05-16T17:55:30.350+02:00 DEBUG 77967 --- [persist] [           main] o.s.b.f.s.DefaultListableBeanFactory     : Autowiring by type from bean name 'stringRedisTemplate' via factory method to bean named 'redisConnectionFactory'
2025-05-16T17:55:30.374+02:00 DEBUG 77967 --- [persist] [           main] o.s.data.convert.CustomConversions       : Adding converter from class java.lang.String to class [B as writing converter
2025-05-16T17:55:30.374+02:00 DEBUG 77967 --- [persist] [           main] o.s.data.convert.CustomConversions       : Adding converter from class [B to class java.lang.String as reading converter
2025-05-16T17:55:30.374+02:00 DEBUG 77967 --- [persist] [           main] o.s.data.convert.CustomConversions       : Adding converter from class java.lang.Number to class [B as writing converter
2025-05-16T17:55:30.375+02:00 DEBUG 77967 --- [persist] [           main] o.s.data.convert.CustomConversions       : Adding converter from class [B to class java.lang.Number as reading converter
2025-05-16T17:55:30.375+02:00 DEBUG 77967 --- [persist] [           main] o.s.data.convert.CustomConversions       : Adding converter from class java.lang.Enum to class [B as writing converter
2025-05-16T17:55:30.375+02:00 DEBUG 77967 --- [persist] [           main] o.s.data.convert.CustomConversions       : Adding converter from class [B to class java.lang.Enum as reading converter
2025-05-16T17:55:30.375+02:00 DEBUG 77967 --- [persist] [           main] o.s.data.convert.CustomConversions       : Adding converter from class java.lang.Boolean to class [B as writing converter
2025-05-16T17:55:30.375+02:00 DEBUG 77967 --- [persist] [           main] o.s.data.convert.CustomConversions       : Adding converter from class [B to class java.lang.Boolean as reading converter
2025-05-16T17:55:30.375+02:00 DEBUG 77967 --- [persist] [           main] o.s.data.convert.CustomConversions       : Adding converter from class java.util.Date to class [B as writing converter
2025-05-16T17:55:30.375+02:00 DEBUG 77967 --- [persist] [           main] o.s.data.convert.CustomConversions       : Adding converter from class [B to class java.util.Date as reading converter
2025-05-16T17:55:30.375+02:00 DEBUG 77967 --- [persist] [           main] o.s.data.convert.CustomConversions       : Adding converter from class java.util.UUID to class [B as writing converter
2025-05-16T17:55:30.375+02:00 DEBUG 77967 --- [persist] [           main] o.s.data.convert.CustomConversions       : Adding converter from class [B to class java.util.UUID as reading converter
2025-05-16T17:55:30.375+02:00 DEBUG 77967 --- [persist] [           main] o.s.data.convert.CustomConversions       : Adding converter from class java.time.LocalDateTime to class [B as reading converter
2025-05-16T17:55:30.375+02:00 DEBUG 77967 --- [persist] [           main] o.s.data.convert.CustomConversions       : Adding converter from class [B to class java.time.LocalDateTime as reading converter
2025-05-16T17:55:30.375+02:00 DEBUG 77967 --- [persist] [           main] o.s.data.convert.CustomConversions       : Adding converter from class java.time.LocalDate to class [B as reading converter
2025-05-16T17:55:30.376+02:00 DEBUG 77967 --- [persist] [           main] o.s.data.convert.CustomConversions       : Adding converter from class [B to class java.time.LocalDate as reading converter
2025-05-16T17:55:30.376+02:00 DEBUG 77967 --- [persist] [           main] o.s.data.convert.CustomConversions       : Adding converter from class java.time.LocalTime to class [B as reading converter
2025-05-16T17:55:30.376+02:00 DEBUG 77967 --- [persist] [           main] o.s.data.convert.CustomConversions       : Adding converter from class [B to class java.time.LocalTime as reading converter
2025-05-16T17:55:30.376+02:00 DEBUG 77967 --- [persist] [           main] o.s.data.convert.CustomConversions       : Adding converter from class java.time.ZonedDateTime to class [B as reading converter
2025-05-16T17:55:30.376+02:00 DEBUG 77967 --- [persist] [           main] o.s.data.convert.CustomConversions       : Adding converter from class [B to class java.time.ZonedDateTime as reading converter
2025-05-16T17:55:30.376+02:00 DEBUG 77967 --- [persist] [           main] o.s.data.convert.CustomConversions       : Adding converter from class java.time.Instant to class [B as reading converter
2025-05-16T17:55:30.376+02:00 DEBUG 77967 --- [persist] [           main] o.s.data.convert.CustomConversions       : Adding converter from class [B to class java.time.Instant as reading converter
2025-05-16T17:55:30.376+02:00 DEBUG 77967 --- [persist] [           main] o.s.data.convert.CustomConversions       : Adding converter from class java.time.ZoneId to class [B as reading converter
2025-05-16T17:55:30.376+02:00 DEBUG 77967 --- [persist] [           main] o.s.data.convert.CustomConversions       : Adding converter from class [B to class java.time.ZoneId as reading converter
2025-05-16T17:55:30.376+02:00 DEBUG 77967 --- [persist] [           main] o.s.data.convert.CustomConversions       : Adding converter from class java.time.Period to class [B as reading converter
2025-05-16T17:55:30.376+02:00 DEBUG 77967 --- [persist] [           main] o.s.data.convert.CustomConversions       : Adding converter from class [B to class java.time.Period as reading converter
2025-05-16T17:55:30.376+02:00 DEBUG 77967 --- [persist] [           main] o.s.data.convert.CustomConversions       : Adding converter from class java.time.Duration to class [B as reading converter
2025-05-16T17:55:30.376+02:00 DEBUG 77967 --- [persist] [           main] o.s.data.convert.CustomConversions       : Adding converter from class [B to class java.time.Duration as reading converter
2025-05-16T17:55:30.376+02:00 DEBUG 77967 --- [persist] [           main] o.s.data.convert.CustomConversions       : Adding converter from class java.time.OffsetDateTime to class [B as reading converter
2025-05-16T17:55:30.376+02:00 DEBUG 77967 --- [persist] [           main] o.s.data.convert.CustomConversions       : Adding converter from class [B to class java.time.OffsetDateTime as reading converter
2025-05-16T17:55:30.376+02:00 DEBUG 77967 --- [persist] [           main] o.s.data.convert.CustomConversions       : Adding converter from class java.time.OffsetTime to class [B as reading converter
2025-05-16T17:55:30.377+02:00 DEBUG 77967 --- [persist] [           main] o.s.data.convert.CustomConversions       : Adding converter from class [B to class java.time.OffsetTime as reading converter
2025-05-16T17:55:30.377+02:00 DEBUG 77967 --- [persist] [           main] o.s.data.convert.CustomConversions       : Adding converter from class java.util.Date to class java.time.LocalDateTime as reading converter
2025-05-16T17:55:30.377+02:00 DEBUG 77967 --- [persist] [           main] o.s.data.convert.CustomConversions       : Adding converter from class java.time.LocalDateTime to class java.util.Date as writing converter
2025-05-16T17:55:30.377+02:00 DEBUG 77967 --- [persist] [           main] o.s.data.convert.CustomConversions       : Adding converter from class java.util.Date to class java.time.LocalDate as reading converter
2025-05-16T17:55:30.377+02:00 DEBUG 77967 --- [persist] [           main] o.s.data.convert.CustomConversions       : Adding converter from class java.time.LocalDate to class java.util.Date as writing converter
2025-05-16T17:55:30.377+02:00 DEBUG 77967 --- [persist] [           main] o.s.data.convert.CustomConversions       : Adding converter from class java.util.Date to class java.time.LocalTime as reading converter
[...]

   WebSocketServletAutoConfiguration.JettyWebSocketConfiguration:
      Did not match:
         - @ConditionalOnClass did not find required class 'org.eclipse.jetty.ee10.websocket.jakarta.server.config.JakartaWebSocketServletContainerInitializer' (OnClassCondition)

   WebSocketServletAutoConfiguration.UndertowWebSocketConfiguration:
      Did not match:
         - @ConditionalOnClass did not find required class 'io.undertow.websockets.jsr.Bootstrap' (OnClassCondition)

   XADataSourceAutoConfiguration:
      Did not match:
         - @ConditionalOnClass did not find required class 'jakarta.transaction.TransactionManager' (OnClassCondition)


Exclusions:
-----------

    None


Unconditional classes:
----------------------

    org.springframework.boot.autoconfigure.context.ConfigurationPropertiesAutoConfiguration

    org.springframework.boot.autoconfigure.ssl.SslAutoConfiguration

    org.springframework.boot.autoconfigure.context.LifecycleAutoConfiguration

    org.springframework.boot.autoconfigure.context.PropertyPlaceholderAutoConfiguration

    org.springframework.boot.autoconfigure.availability.ApplicationAvailabilityAutoConfiguration

    org.springframework.boot.autoconfigure.info.ProjectInfoAutoConfiguration



2025-05-16T17:55:31.147+02:00  INFO 77967 --- [persist] [           main] m.c.persist.PersistApplicationTests      : Started PersistApplicationTests in 3.19 seconds (process running for 4.248)
2025-05-16T17:55:31.149+02:00 DEBUG 77967 --- [persist] [           main] o.s.b.a.ApplicationAvailabilityBean      : Application availability state LivenessState changed to CORRECT
2025-05-16T17:55:31.151+02:00 DEBUG 77967 --- [persist] [           main] o.s.boot.devtools.restart.Restarter      : Creating new Restarter for thread Thread[#1,main,5,main]
2025-05-16T17:55:31.152+02:00 DEBUG 77967 --- [persist] [           main] o.s.b.a.ApplicationAvailabilityBean      : Application availability state ReadinessState changed to ACCEPTING_TRAFFIC
2025-05-16T17:55:31.154+02:00 DEBUG 77967 --- [persist] [           main] org.springframework.test.context.cache   : Spring test ApplicationContext cache statistics: [DefaultContextCache@3c89b864 size = 1, maxSize = 32, parentContextCount = 0, hitCount = 0, missCount = 1, failureCount = 0]
2025-05-16T17:55:31.155+02:00 DEBUG 77967 --- [persist] [           main] o.s.t.c.w.ServletTestExecutionListener   : Setting up MockHttpServletRequest, MockHttpServletResponse, ServletWebRequest, and RequestContextHolder for test class mad.chat_data.persist.PersistApplicationTests
2025-05-16T17:55:31.170+02:00 DEBUG 77967 --- [persist] [           main] DependencyInjectionTestExecutionListener : Performing dependency injection for test class mad.chat_data.persist.PersistApplicationTests
2025-05-16T17:55:31.170+02:00 DEBUG 77967 --- [persist] [           main] org.springframework.test.context.cache   : Spring test ApplicationContext cache statistics: [DefaultContextCache@3c89b864 size = 1, maxSize = 32, parentContextCount = 0, hitCount = 1, missCount = 1, failureCount = 0]
2025-05-16T17:55:31.171+02:00 DEBUG 77967 --- [persist] [           main] org.springframework.test.context.cache   : Spring test ApplicationContext cache statistics: [DefaultContextCache@3c89b864 size = 1, maxSize = 32, parentContextCount = 0, hitCount = 2, missCount = 1, failureCount = 0]
2025-05-16T17:55:31.178+02:00 DEBUG 77967 --- [persist] [           main] sContextBeforeModesTestExecutionListener : Before test method: class [PersistApplicationTests], method [contextLoads], class annotated with @DirtiesContext [false] with mode [null], method annotated with @DirtiesContext [false] with mode [null]
2025-05-16T17:55:31.182+02:00 DEBUG 77967 --- [persist] [           main] org.springframework.test.context.cache   : Spring test ApplicationContext cache statistics: [DefaultContextCache@3c89b864 size = 1, maxSize = 32, parentContextCount = 0, hitCount = 3, missCount = 1, failureCount = 0]
2025-05-16T17:55:31.183+02:00 DEBUG 77967 --- [persist] [           main] org.springframework.test.context.cache   : Spring test ApplicationContext cache statistics: [DefaultContextCache@3c89b864 size = 1, maxSize = 32, parentContextCount = 0, hitCount = 4, missCount = 1, failureCount = 0]
2025-05-16T17:55:31.223+02:00 DEBUG 77967 --- [persist] [           main] java.lang.ProcessBuilder                 : ProcessBuilder.start(): pid: 78027, dir: null, cmd: "/home/mad/.jdks/openjdk-23.0.1/bin/java"

java.lang.RuntimeException: ProcessBuilder.start() debug
	at java.base/java.lang.ProcessBuilder.start(ProcessBuilder.java:1147) ~[na:na]
	at java.base/java.lang.ProcessBuilder.start(ProcessBuilder.java:1089) ~[na:na]
	at net.bytebuddy.agent.ByteBuddyAgent.installExternal(ByteBuddyAgent.java:673) ~[byte-buddy-agent-1.15.11.jar:na]
	at net.bytebuddy.agent.ByteBuddyAgent.install(ByteBuddyAgent.java:604) ~[byte-buddy-agent-1.15.11.jar:na]
	at net.bytebuddy.agent.ByteBuddyAgent.install(ByteBuddyAgent.java:584) ~[byte-buddy-agent-1.15.11.jar:na]
	at net.bytebuddy.agent.ByteBuddyAgent.install(ByteBuddyAgent.java:536) ~[byte-buddy-agent-1.15.11.jar:na]
	at net.bytebuddy.agent.ByteBuddyAgent.install(ByteBuddyAgent.java:513) ~[byte-buddy-agent-1.15.11.jar:na]
	at org.mockito.internal.PremainAttachAccess.getInstrumentation(PremainAttachAccess.java:49) ~[mockito-core-5.14.2.jar:na]
	at org.mockito.internal.creation.bytebuddy.InlineDelegateByteBuddyMockMaker.<clinit>(InlineDelegateByteBuddyMockMaker.java:138) ~[mockito-core-5.14.2.jar:na]
	at org.mockito.internal.creation.bytebuddy.InlineByteBuddyMockMaker.<init>(InlineByteBuddyMockMaker.java:23) ~[mockito-core-5.14.2.jar:na]
	at java.base/jdk.internal.reflect.DirectConstructorHandleAccessor.newInstance(DirectConstructorHandleAccessor.java:62) ~[na:na]
	at java.base/java.lang.reflect.Constructor.newInstanceWithCaller(Constructor.java:501) ~[na:na]
	at java.base/java.lang.reflect.Constructor.newInstance(Constructor.java:485) ~[na:na]
	at org.mockito.internal.configuration.plugins.DefaultMockitoPlugins.create(DefaultMockitoPlugins.java:103) ~[mockito-core-5.14.2.jar:na]
	at org.mockito.internal.configuration.plugins.DefaultMockitoPlugins.getDefaultPlugin(DefaultMockitoPlugins.java:79) ~[mockito-core-5.14.2.jar:na]
	at org.mockito.internal.configuration.plugins.PluginLoader.loadPlugin(PluginLoader.java:75) ~[mockito-core-5.14.2.jar:na]
	at org.mockito.internal.configuration.plugins.PluginLoader.loadPlugin(PluginLoader.java:49) ~[mockito-core-5.14.2.jar:na]
	at org.mockito.internal.configuration.plugins.PluginRegistry.<init>(PluginRegistry.java:29) ~[mockito-core-5.14.2.jar:na]
	at org.mockito.internal.configuration.plugins.Plugins.<clinit>(Plugins.java:26) ~[mockito-core-5.14.2.jar:na]
	at org.mockito.internal.MockitoCore.<clinit>(MockitoCore.java:71) ~[mockito-core-5.14.2.jar:na]
	at org.mockito.Mockito.<clinit>(Mockito.java:1741) ~[mockito-core-5.14.2.jar:na]
	at org.springframework.boot.test.mock.mockito.MockReset.get(MockReset.java:109) ~[spring-boot-test-3.4.3.jar:3.4.3]
	at org.springframework.boot.test.mock.mockito.ResetMocksTestExecutionListener.resetMocks(ResetMocksTestExecutionListener.java:89) ~[spring-boot-test-3.4.3.jar:3.4.3]
	at org.springframework.boot.test.mock.mockito.ResetMocksTestExecutionListener.resetMocks(ResetMocksTestExecutionListener.java:77) ~[spring-boot-test-3.4.3.jar:3.4.3]
	at org.springframework.boot.test.mock.mockito.ResetMocksTestExecutionListener.beforeTestMethod(ResetMocksTestExecutionListener.java:64) ~[spring-boot-test-3.4.3.jar:3.4.3]
	at org.springframework.test.context.TestContextManager.beforeTestMethod(TestContextManager.java:320) ~[spring-test-6.2.3.jar:6.2.3]
	at org.springframework.test.context.junit.jupiter.SpringExtension.beforeEach(SpringExtension.java:237) ~[spring-test-6.2.3.jar:6.2.3]
	at org.junit.jupiter.engine.descriptor.TestMethodTestDescriptor.lambda$invokeBeforeEachCallbacks$3(TestMethodTestDescriptor.java:166) ~[junit-jupiter-engine-5.11.4.jar:5.11.4]
	at org.junit.jupiter.engine.descriptor.TestMethodTestDescriptor.lambda$invokeBeforeMethodsOrCallbacksUntilExceptionOccurs$7(TestMethodTestDescriptor.java:202) ~[junit-jupiter-engine-5.11.4.jar:5.11.4]
	at org.junit.platform.engine.support.hierarchical.ThrowableCollector.execute(ThrowableCollector.java:73) ~[junit-platform-engine-1.11.4.jar:1.11.4]
	at org.junit.jupiter.engine.descriptor.TestMethodTestDescriptor.invokeBeforeMethodsOrCallbacksUntilExceptionOccurs(TestMethodTestDescriptor.java:202) ~[junit-jupiter-engine-5.11.4.jar:5.11.4]
	at org.junit.jupiter.engine.descriptor.TestMethodTestDescriptor.invokeBeforeEachCallbacks(TestMethodTestDescriptor.java:165) ~[junit-jupiter-engine-5.11.4.jar:5.11.4]
	at org.junit.jupiter.engine.descriptor.TestMethodTestDescriptor.execute(TestMethodTestDescriptor.java:132) ~[junit-jupiter-engine-5.11.4.jar:5.11.4]
	at org.junit.jupiter.engine.descriptor.TestMethodTestDescriptor.execute(TestMethodTestDescriptor.java:68) ~[junit-jupiter-engine-5.11.4.jar:5.11.4]
	at org.junit.platform.engine.support.hierarchical.NodeTestTask.lambda$executeRecursively$6(NodeTestTask.java:156) ~[junit-platform-engine-1.11.4.jar:1.11.4]
	at org.junit.platform.engine.support.hierarchical.ThrowableCollector.execute(ThrowableCollector.java:73) ~[junit-platform-engine-1.11.4.jar:1.11.4]
	at org.junit.platform.engine.support.hierarchical.NodeTestTask.lambda$executeRecursively$8(NodeTestTask.java:146) ~[junit-platform-engine-1.11.4.jar:1.11.4]
	at org.junit.platform.engine.support.hierarchical.Node.around(Node.java:137) ~[junit-platform-engine-1.11.4.jar:1.11.4]
	at org.junit.platform.engine.support.hierarchical.NodeTestTask.lambda$executeRecursively$9(NodeTestTask.java:144) ~[junit-platform-engine-1.11.4.jar:1.11.4]
	at org.junit.platform.engine.support.hierarchical.ThrowableCollector.execute(ThrowableCollector.java:73) ~[junit-platform-engine-1.11.4.jar:1.11.4]
	at org.junit.platform.engine.support.hierarchical.NodeTestTask.executeRecursively(NodeTestTask.java:143) ~[junit-platform-engine-1.11.4.jar:1.11.4]
	at org.junit.platform.engine.support.hierarchical.NodeTestTask.execute(NodeTestTask.java:100) ~[junit-platform-engine-1.11.4.jar:1.11.4]
	at java.base/java.util.ArrayList.forEach(ArrayList.java:1597) ~[na:na]
	at org.junit.platform.engine.support.hierarchical.SameThreadHierarchicalTestExecutorService.invokeAll(SameThreadHierarchicalTestExecutorService.java:41) ~[junit-platform-engine-1.11.4.jar:1.11.4]
	at org.junit.platform.engine.support.hierarchical.NodeTestTask.lambda$executeRecursively$6(NodeTestTask.java:160) ~[junit-platform-engine-1.11.4.jar:1.11.4]
	at org.junit.platform.engine.support.hierarchical.ThrowableCollector.execute(ThrowableCollector.java:73) ~[junit-platform-engine-1.11.4.jar:1.11.4]
	at org.junit.platform.engine.support.hierarchical.NodeTestTask.lambda$executeRecursively$8(NodeTestTask.java:146) ~[junit-platform-engine-1.11.4.jar:1.11.4]
	at org.junit.platform.engine.support.hierarchical.Node.around(Node.java:137) ~[junit-platform-engine-1.11.4.jar:1.11.4]
	at org.junit.platform.engine.support.hierarchical.NodeTestTask.lambda$executeRecursively$9(NodeTestTask.java:144) ~[junit-platform-engine-1.11.4.jar:1.11.4]
	at org.junit.platform.engine.support.hierarchical.ThrowableCollector.execute(ThrowableCollector.java:73) ~[junit-platform-engine-1.11.4.jar:1.11.4]
	at org.junit.platform.engine.support.hierarchical.NodeTestTask.executeRecursively(NodeTestTask.java:143) ~[junit-platform-engine-1.11.4.jar:1.11.4]
	at org.junit.platform.engine.support.hierarchical.NodeTestTask.execute(NodeTestTask.java:100) ~[junit-platform-engine-1.11.4.jar:1.11.4]
	at java.base/java.util.ArrayList.forEach(ArrayList.java:1597) ~[na:na]
	at org.junit.platform.engine.support.hierarchical.SameThreadHierarchicalTestExecutorService.invokeAll(SameThreadHierarchicalTestExecutorService.java:41) ~[junit-platform-engine-1.11.4.jar:1.11.4]
	at org.junit.platform.engine.support.hierarchical.NodeTestTask.lambda$executeRecursively$6(NodeTestTask.java:160) ~[junit-platform-engine-1.11.4.jar:1.11.4]
	at org.junit.platform.engine.support.hierarchical.ThrowableCollector.execute(ThrowableCollector.java:73) ~[junit-platform-engine-1.11.4.jar:1.11.4]
	at org.junit.platform.engine.support.hierarchical.NodeTestTask.lambda$executeRecursively$8(NodeTestTask.java:146) ~[junit-platform-engine-1.11.4.jar:1.11.4]
	at org.junit.platform.engine.support.hierarchical.Node.around(Node.java:137) ~[junit-platform-engine-1.11.4.jar:1.11.4]
	at org.junit.platform.engine.support.hierarchical.NodeTestTask.lambda$executeRecursively$9(NodeTestTask.java:144) ~[junit-platform-engine-1.11.4.jar:1.11.4]
	at org.junit.platform.engine.support.hierarchical.ThrowableCollector.execute(ThrowableCollector.java:73) ~[junit-platform-engine-1.11.4.jar:1.11.4]
	at org.junit.platform.engine.support.hierarchical.NodeTestTask.executeRecursively(NodeTestTask.java:143) ~[junit-platform-engine-1.11.4.jar:1.11.4]
	at org.junit.platform.engine.support.hierarchical.NodeTestTask.execute(NodeTestTask.java:100) ~[junit-platform-engine-1.11.4.jar:1.11.4]
	at org.junit.platform.engine.support.hierarchical.SameThreadHierarchicalTestExecutorService.submit(SameThreadHierarchicalTestExecutorService.java:35) ~[junit-platform-engine-1.11.4.jar:1.11.4]
	at org.junit.platform.engine.support.hierarchical.HierarchicalTestExecutor.execute(HierarchicalTestExecutor.java:57) ~[junit-platform-engine-1.11.4.jar:1.11.4]
	at org.junit.platform.engine.support.hierarchical.HierarchicalTestEngine.execute(HierarchicalTestEngine.java:54) ~[junit-platform-engine-1.11.4.jar:1.11.4]
	at org.junit.platform.launcher.core.EngineExecutionOrchestrator.execute(EngineExecutionOrchestrator.java:198) ~[junit-platform-launcher-1.11.4.jar:1.11.4]
	at org.junit.platform.launcher.core.EngineExecutionOrchestrator.execute(EngineExecutionOrchestrator.java:169) ~[junit-platform-launcher-1.11.4.jar:1.11.4]
	at org.junit.platform.launcher.core.EngineExecutionOrchestrator.execute(EngineExecutionOrchestrator.java:93) ~[junit-platform-launcher-1.11.4.jar:1.11.4]
	at org.junit.platform.launcher.core.EngineExecutionOrchestrator.lambda$execute$0(EngineExecutionOrchestrator.java:58) ~[junit-platform-launcher-1.11.4.jar:1.11.4]
	at org.junit.platform.launcher.core.EngineExecutionOrchestrator.withInterceptedStreams(EngineExecutionOrchestrator.java:141) ~[junit-platform-launcher-1.11.4.jar:1.11.4]
	at org.junit.platform.launcher.core.EngineExecutionOrchestrator.execute(EngineExecutionOrchestrator.java:57) ~[junit-platform-launcher-1.11.4.jar:1.11.4]
	at org.junit.platform.launcher.core.DefaultLauncher.execute(DefaultLauncher.java:103) ~[junit-platform-launcher-1.11.4.jar:1.11.4]
	at org.junit.platform.launcher.core.DefaultLauncher.execute(DefaultLauncher.java:85) ~[junit-platform-launcher-1.11.4.jar:1.11.4]
	at org.junit.platform.launcher.core.DelegatingLauncher.execute(DelegatingLauncher.java:47) ~[junit-platform-launcher-1.11.4.jar:1.11.4]
	at org.apache.maven.surefire.junitplatform.LazyLauncher.execute(LazyLauncher.java:56) ~[surefire-junit-platform-3.5.2.jar:3.5.2]
	at org.apache.maven.surefire.junitplatform.JUnitPlatformProvider.execute(JUnitPlatformProvider.java:184) ~[surefire-junit-platform-3.5.2.jar:3.5.2]
	at org.apache.maven.surefire.junitplatform.JUnitPlatformProvider.invokeAllTests(JUnitPlatformProvider.java:148) ~[surefire-junit-platform-3.5.2.jar:3.5.2]
	at org.apache.maven.surefire.junitplatform.JUnitPlatformProvider.invoke(JUnitPlatformProvider.java:122) ~[surefire-junit-platform-3.5.2.jar:3.5.2]
	at org.apache.maven.surefire.booter.ForkedBooter.runSuitesInProcess(ForkedBooter.java:385) ~[surefire-booter-3.5.2.jar:3.5.2]
	at org.apache.maven.surefire.booter.ForkedBooter.execute(ForkedBooter.java:162) ~[surefire-booter-3.5.2.jar:3.5.2]
	at org.apache.maven.surefire.booter.ForkedBooter.run(ForkedBooter.java:507) ~[surefire-booter-3.5.2.jar:3.5.2]
	at org.apache.maven.surefire.booter.ForkedBooter.main(ForkedBooter.java:495) ~[surefire-booter-3.5.2.jar:3.5.2]

2025-05-16T17:55:31.992+02:00 DEBUG 77967 --- [persist] [           main] org.springframework.test.context.cache   : Spring test ApplicationContext cache statistics: [DefaultContextCache@3c89b864 size = 1, maxSize = 32, parentContextCount = 0, hitCount = 5, missCount = 1, failureCount = 0]
2025-05-16T17:55:31.995+02:00 DEBUG 77967 --- [persist] [           main] org.springframework.test.context.cache   : Spring test ApplicationContext cache statistics: [DefaultContextCache@3c89b864 size = 1, maxSize = 32, parentContextCount = 0, hitCount = 6, missCount = 1, failureCount = 0]
2025-05-16T17:55:32.000+02:00 DEBUG 77967 --- [persist] [           main] org.springframework.test.context.cache   : Spring test ApplicationContext cache statistics: [DefaultContextCache@3c89b864 size = 1, maxSize = 32, parentContextCount = 0, hitCount = 7, missCount = 1, failureCount = 0]
2025-05-16T17:55:32.001+02:00 DEBUG 77967 --- [persist] [           main] org.springframework.test.context.cache   : Spring test ApplicationContext cache statistics: [DefaultContextCache@3c89b864 size = 1, maxSize = 32, parentContextCount = 0, hitCount = 8, missCount = 1, failureCount = 0]
2025-05-16T17:55:32.003+02:00 DEBUG 77967 --- [persist] [           main] org.springframework.test.context.cache   : Spring test ApplicationContext cache statistics: [DefaultContextCache@3c89b864 size = 1, maxSize = 32, parentContextCount = 0, hitCount = 9, missCount = 1, failureCount = 0]
2025-05-16T17:55:32.003+02:00 DEBUG 77967 --- [persist] [           main] org.springframework.test.context.cache   : Spring test ApplicationContext cache statistics: [DefaultContextCache@3c89b864 size = 1, maxSize = 32, parentContextCount = 0, hitCount = 10, missCount = 1, failureCount = 0]
2025-05-16T17:55:32.003+02:00 DEBUG 77967 --- [persist] [           main] org.springframework.test.context.cache   : Spring test ApplicationContext cache statistics: [DefaultContextCache@3c89b864 size = 1, maxSize = 32, parentContextCount = 0, hitCount = 11, missCount = 1, failureCount = 0]
2025-05-16T17:55:32.004+02:00 DEBUG 77967 --- [persist] [           main] org.springframework.test.context.cache   : Spring test ApplicationContext cache statistics: [DefaultContextCache@3c89b864 size = 1, maxSize = 32, parentContextCount = 0, hitCount = 12, missCount = 1, failureCount = 0]
2025-05-16T17:55:32.005+02:00 DEBUG 77967 --- [persist] [           main] org.springframework.test.context.cache   : Spring test ApplicationContext cache statistics: [DefaultContextCache@3c89b864 size = 1, maxSize = 32, parentContextCount = 0, hitCount = 13, missCount = 1, failureCount = 0]
2025-05-16T17:55:32.006+02:00 DEBUG 77967 --- [persist] [           main] .c.s.DirtiesContextTestExecutionListener : After test method: class [PersistApplicationTests], method [contextLoads], class annotated with @DirtiesContext [false] with mode [null], method annotated with @DirtiesContext [false] with mode [null]
2025-05-16T17:55:32.006+02:00 DEBUG 77967 --- [persist] [           main] o.s.t.c.w.ServletTestExecutionListener   : Resetting RequestContextHolder for test class mad.chat_data.persist.PersistApplicationTests
]]></system-out>
    <system-err><![CDATA[Mockito is currently self-attaching to enable the inline-mock-maker. This will no longer work in future releases of the JDK. Please add Mockito as an agent to your build what is described in Mockito's documentation: https://javadoc.io/doc/org.mockito/mockito-core/latest/org/mockito/Mockito.html#0.3
WARNING: A Java agent has been loaded dynamically (/home/mad/.m2/repository/net/bytebuddy/byte-buddy-agent/1.15.11/byte-buddy-agent-1.15.11.jar)
WARNING: If a serviceability tool is in use, please run with -XX:+EnableDynamicAgentLoading to hide this warning
WARNING: If a serviceability tool is not in use, please run with -Djdk.instrument.traceUsage for more information
WARNING: Dynamic loading of agents will be disallowed by default in a future release
]]></system-err>
  </testcase>
</testsuite>